
ORB-SLAM3 Copyright (C) 2017-2020 Carlos Campos, Richard Elvira, Juan J. Gómez, José M.M. Montiel and Juan D. Tardós, University of Zaragoza.
ORB-SLAM2 Copyright (C) 2014-2016 Raúl Mur-Artal, José M.M. Montiel and Juan D. Tardós, University of Zaragoza.
This program comes with ABSOLUTELY NO WARRANTY;
This is free software, and you are welcome to redistribute it
under certain conditions. See LICENSE.txt.

Input sensor was set to: Monocular-Inertial
Loading settings from /workspace/session_20260610_112528/orbslam3_output/raspi_imx219_mono_inertial_noisy_820x616.yaml
	-Loaded camera 1
	-Loaded image info
	-Loaded IMU calibration
	-Loaded ORB settings
	-Loaded viewer settings
	-Loaded Atlas settings
	-Loaded misc parameters
----------------------------------
SLAM settings: 
	-Camera 1 parameters (Kannala-Brandt): [ 203.583 203.286 415.452 309.098 -0.0119256 -0.00395131 0.000405187 -0.000302394 ]
	-Original image size: [ 820 , 616 ]
	-Current image size: [ 820 , 616 ]
	-Sequence FPS: 30
	-Gyro noise: 0.035
	-Accelerometer noise: 0.2
	-Gyro walk: 0.002
	-Accelerometer walk: 0.02
	-IMU frequency: 247
	-Features per image: 1500
	-ORB scale factor: 1.2
	-ORB number of scales: 8
	-Initial FAST threshold: 15
	-Min FAST threshold: 5


Loading ORB Vocabulary. This could take a while...
Vocabulary loaded!

Initialization of Atlas from scratch 
Creation of new map with id: 0
Creation of new map with last KF id: 0
There are 1 cameras in the atlas
Camera 0 is fisheye
Discard points further than 20 m from current camera
Video opened using backend FFMPEG
There are 2195 frames in total
video FPS 30
IMU samples 18293
Frame timestamps 2195 first_abs=1.78106e+09 first_rel=0 last_rel=73.1197
IMU first_rel=0 last_rel=73.2214
line 1873 keyframes 0MapPoints0
frame=0 t=0 imu_batch=0 tracking_state=1 lost_run=0
Empty IMU measurements vector!!!
init_success=0
 tag_init_success=0
init_success=0
 tag_init_success=0
init_success=0
 tag_init_success=0
init_success=0
 tag_init_success=0
init_success=0
 tag_init_success=0
init_success=0
 tag_init_success=0
init_success=0
 tag_init_success=0
init_success=0
 tag_init_success=0
init_success=0
 tag_init_success=0
init_success=0
 tag_init_success=0
Failed to init: n_keypoints 7475 time_since_init_frame0.33327007293701172
init_success=0
 tag_init_success=0
init_success=0
 tag_init_success=0
init_success=0
 tag_init_success=0
init_success=0
 tag_init_success=0
init_success=0
 tag_init_success=0
init_success=0
 tag_init_success=0
init_success=0
 tag_init_success=0
init_success=0
 tag_init_success=0
init_success=0
 tag_init_success=0
init_success=0
 tag_init_success=0
Failed to init: n_keypoints 7439 time_since_init_frame0.33327317237854004
init_success=0
 tag_init_success=0
init_success=0
 tag_init_success=0
init_success=0
 tag_init_success=0
init_success=0
 tag_init_success=0
init_success=0
 tag_init_success=0
init_success=0
 tag_init_success=0
init_success=0
 tag_init_success=0
init_success=0
 tag_init_success=0
init_success=0
 tag_init_success=0
init_success=0
 tag_init_success=0
Failed to init: n_keypoints 7442 time_since_init_frame0.3332679271697998
init_success=0
 tag_init_success=0
init_success=0
 tag_init_success=0
init_success=0
 tag_init_success=0
init_success=0
 tag_init_success=0
init_success=0
 tag_init_success=0
init_success=0
 tag_init_success=0
init_success=0
 tag_init_success=0
init_success=0
 tag_init_success=0
init_success=0
 tag_init_success=0
init_success=0
 tag_init_success=0
Failed to init: n_keypoints 7453 time_since_init_frame0.33327007293701172
init_success=0
 tag_init_success=0
init_success=0
 tag_init_success=0
init_success=0
 tag_init_success=0
init_success=0
 tag_init_success=0
init_success=0
 tag_init_success=0
init_success=0
 tag_init_success=0
init_success=0
 tag_init_success=0
init_success=0
 tag_init_success=0
init_success=0
 tag_init_success=0
init_success=0
 tag_init_success=0
Failed to init: n_keypoints 7450 time_since_init_frame0.33328390121459961
init_success=0
 tag_init_success=0
init_success=0
 tag_init_success=0
init_success=0
 tag_init_success=0
init_success=0
 tag_init_success=0
init_success=0
 tag_init_success=0
init_success=0
 tag_init_success=0
init_success=0
 tag_init_success=0
init_success=0
 tag_init_success=0
init_success=0
 tag_init_success=0
init_success=0
 tag_init_success=0
Failed to init: n_keypoints 7471 time_since_init_frame0.33326911926269531
init_success=0
 tag_init_success=0
init_success=0
 tag_init_success=0
init_success=0
 tag_init_success=0
init_success=0
 tag_init_success=0
init_success=0
 tag_init_success=0
init_success=0
 tag_init_success=0
init_success=0
 tag_init_success=0
init_success=0
 tag_init_success=0
init_success=0
 tag_init_success=0
init_success=0
 tag_init_success=0
Failed to init: n_keypoints 7462 time_since_init_frame0.33327293395996094
init_success=0
 tag_init_success=0
init_success=0
 tag_init_success=0
init_success=0
 tag_init_success=0
init_success=0
 tag_init_success=0
init_success=0
 tag_init_success=0
init_success=0
 tag_init_success=0
init_success=0
 tag_init_success=0
init_success=0
 tag_init_success=0
init_success=0
 tag_init_success=0
init_success=0
 tag_init_success=0
Failed to init: n_keypoints 7481 time_since_init_frame0.33327198028564453
init_success=0
 tag_init_success=0
init_success=0
 tag_init_success=0
init_success=0
 tag_init_success=0
init_success=0
 tag_init_success=0
frame=100 t=3.3327100276947021 imu_batch=8 tracking_state=1 lost_run=0
init_success=0
 tag_init_success=0
init_success=0
 tag_init_success=0
init_success=0
 tag_init_success=0
init_success=0
 tag_init_success=0
init_success=0
 tag_init_success=0
init_success=0
 tag_init_success=0
Failed to init: n_keypoints 7468 time_since_init_frame0.33326292037963867
init_success=0
 tag_init_success=0
init_success=0
 tag_init_success=0
init_success=0
 tag_init_success=0
init_success=0
 tag_init_success=0
init_success=0
 tag_init_success=0
init_success=0
 tag_init_success=0
init_success=0
 tag_init_success=0
init_success=0
 tag_init_success=0
init_success=0
 tag_init_success=0
init_success=0
 tag_init_success=0
Failed to init: n_keypoints 7441 time_since_init_frame0.33327293395996094
init_success=0
 tag_init_success=0
init_success=0
 tag_init_success=0
init_success=0
 tag_init_success=0
init_success=0
 tag_init_success=0
init_success=0
 tag_init_success=0
init_success=0
 tag_init_success=0
init_success=0
 tag_init_success=0
init_success=0
 tag_init_success=0
init_success=0
 tag_init_success=0
init_success=0
 tag_init_success=0
Failed to init: n_keypoints 7442 time_since_init_frame0.33327102661132812
init_success=0
 tag_init_success=0
init_success=0
 tag_init_success=0
init_success=0
 tag_init_success=0
init_success=0
 tag_init_success=0
init_success=0
 tag_init_success=0
init_success=0
 tag_init_success=0
init_success=0
 tag_init_success=0
init_success=0
 tag_init_success=0
init_success=0
 tag_init_success=0
init_success=0
 tag_init_success=0
Failed to init: n_keypoints 7454 time_since_init_frame0.33326005935668945
init_success=0
 tag_init_success=0
init_success=0
 tag_init_success=0
init_success=0
 tag_init_success=0
init_success=0
 tag_init_success=0
init_success=0
 tag_init_success=0
init_success=0
 tag_init_success=0
init_success=0
 tag_init_success=0
init_success=0
 tag_init_success=0
init_success=0
 tag_init_success=0
init_success=0
 tag_init_success=0
Failed to init: n_keypoints 7451 time_since_init_frame0.33325815200805664
init_success=0
 tag_init_success=0
init_success=0
 tag_init_success=0
init_success=0
 tag_init_success=0
init_success=0
 tag_init_success=0
init_success=0
 tag_init_success=0
init_success=0
 tag_init_success=0
init_success=0
 tag_init_success=0
init_success=0
 tag_init_success=0
init_success=0
 tag_init_success=0
init_success=0
 tag_init_success=0
Failed to init: n_keypoints 7468 time_since_init_frame0.33327102661132812
init_success=0
 tag_init_success=0
init_success=0
 tag_init_success=0
init_success=0
 tag_init_success=0
init_success=0
 tag_init_success=0
init_success=0
 tag_init_success=0
init_success=0
 tag_init_success=0
init_success=0
 tag_init_success=0
init_success=0
 tag_init_success=0
init_success=0
 tag_init_success=0
init_success=0
 tag_init_success=0
Failed to init: n_keypoints 7451 time_since_init_frame0.3332669734954834
init_success=0
 tag_init_success=0
init_success=0
 tag_init_success=0
init_success=0
 tag_init_success=0
init_success=0
 tag_init_success=0
init_success=0
 tag_init_success=0
init_success=0
 tag_init_success=0
init_success=0
 tag_init_success=0
init_success=0
 tag_init_success=0
init_success=0
 tag_init_success=0
init_success=0
 tag_init_success=0
Failed to init: n_keypoints 7453 time_since_init_frame0.33327293395996094
init_success=0
 tag_init_success=0
init_success=0
 tag_init_success=0
init_success=0
 tag_init_success=0
init_success=0
 tag_init_success=0
init_success=0
 tag_init_success=0
init_success=0
 tag_init_success=0
init_success=0
 tag_init_success=0
init_success=0
 tag_init_success=0
frame=200 t=6.6654250621795654 imu_batch=8 tracking_state=1 lost_run=0
init_success=0
 tag_init_success=0
init_success=0
 tag_init_success=0
Failed to init: n_keypoints 7438 time_since_init_frame0.33327198028564453
init_success=0
 tag_init_success=0
init_success=0
 tag_init_success=0
init_success=0
 tag_init_success=0
init_success=0
 tag_init_success=0
init_success=0
 tag_init_success=0
init_success=0
 tag_init_success=0
init_success=0
 tag_init_success=0
init_success=0
 tag_init_success=0
init_success=0
 tag_init_success=0
init_success=0
 tag_init_success=0
Failed to init: n_keypoints 7448 time_since_init_frame0.33327603340148926
init_success=0
 tag_init_success=0
init_success=0
 tag_init_success=0
init_success=0
 tag_init_success=0
init_success=1
First KF:0; Map init KF:0
New Map created with 238 points
[RASPI_DEBUG] Tracking: skipping initial GlobalBundleAdjustment
[RASPI_DEBUG] LocalMapping: ProcessNewKeyFrame begin
[RASPI_DEBUG] ProcessNewKeyFrame: popped KF id=0 frame=216 ts=7.1986520290374756
[RASPI_DEBUG] ProcessNewKeyFrame: ComputeBoW begin
[RASPI_DEBUG] ProcessNewKeyFrame: ComputeBoW end
[RASPI_DEBUG] ProcessNewKeyFrame: map point matches=7442
[RASPI_DEBUG] ProcessNewKeyFrame: observations end
[RASPI_DEBUG] ProcessNewKeyFrame: UpdateConnections begin
[RASPI_DEBUG] ProcessNewKeyFrame: UpdateConnections end
[RASPI_DEBUG] ProcessNewKeyFrame: AddKeyFrame begin
[RASPI_DEBUG] ProcessNewKeyFrame: AddKeyFrame end
[RASPI_DEBUG] LocalMapping: ProcessNewKeyFrame end
[RASPI_DEBUG] LocalMapping: MapPointCulling begin
[RASPI_DEBUG] LocalMapping: MapPointCulling end
[RASPI_DEBUG] LocalMapping: CreateNewMapPoints begin
[RASPI_DEBUG] LocalMapping: CreateNewMapPoints end
[RASPI_DEBUG] LocalMapping: ProcessNewKeyFrame begin
[RASPI_DEBUG] ProcessNewKeyFrame: popped KF id=1 frame=220 ts=7.331963062286377
[RASPI_DEBUG] ProcessNewKeyFrame: ComputeBoW begin
[RASPI_DEBUG] ProcessNewKeyFrame: ComputeBoW end
[RASPI_DEBUG] ProcessNewKeyFrame: map point matches=7472
[RASPI_DEBUG] ProcessNewKeyFrame: observations end
[RASPI_DEBUG] ProcessNewKeyFrame: UpdateConnections begin
[RASPI_DEBUG] ProcessNewKeyFrame: UpdateConnections end
[RASPI_DEBUG] ProcessNewKeyFrame: AddKeyFrame begin
[RASPI_DEBUG] ProcessNewKeyFrame: AddKeyFrame end
[RASPI_DEBUG] LocalMapping: ProcessNewKeyFrame end
[RASPI_DEBUG] LocalMapping: MapPointCulling begin
[RASPI_DEBUG] LocalMapping: MapPointCulling end
[RASPI_DEBUG] LocalMapping: CreateNewMapPoints begin
[RASPI_DEBUG] LocalMapping: CreateNewMapPoints end
[RASPI_DEBUG] LocalMapping: SearchInNeighbors begin
[RASPI_DEBUG] LocalMapping: SearchInNeighbors end
[RASPI_DEBUG] LocalMapping: optimization block begin
[RASPI_DEBUG] LocalMapping: IMU initialization disabled by default window=0.13331103324890137 kfs=2 set RASPI_ORBSLAM3_ENABLE_IMU_INIT=1 to experiment
[RASPI_DEBUG] LocalMapping: optimization block end
[RASPI_DEBUG] LocalMapping: ProcessNewKeyFrame begin
[RASPI_DEBUG] ProcessNewKeyFrame: popped KF id=2 frame=228 ts=7.598578929901123
[RASPI_DEBUG] ProcessNewKeyFrame: ComputeBoW begin
[RASPI_DEBUG] ProcessNewKeyFrame: ComputeBoW end
[RASPI_DEBUG] ProcessNewKeyFrame: map point matches=1507
[RASPI_DEBUG] ProcessNewKeyFrame: observations end
[RASPI_DEBUG] ProcessNewKeyFrame: UpdateConnections begin
[RASPI_DEBUG] ProcessNewKeyFrame: UpdateConnections end
[RASPI_DEBUG] ProcessNewKeyFrame: AddKeyFrame begin
[RASPI_DEBUG] ProcessNewKeyFrame: AddKeyFrame end
[RASPI_DEBUG] LocalMapping: ProcessNewKeyFrame end
[RASPI_DEBUG] LocalMapping: MapPointCulling begin
[RASPI_DEBUG] LocalMapping: MapPointCulling end
[RASPI_DEBUG] LocalMapping: CreateNewMapPoints begin
[RASPI_DEBUG] LocalMapping: CreateNewMapPoints end
[RASPI_DEBUG] LocalMapping: SearchInNeighbors begin
[RASPI_DEBUG] LocalMapping: SearchInNeighbors end
[RASPI_DEBUG] LocalMapping: optimization block begin
[RASPI_DEBUG] LocalMapping: IMU initialization disabled by default window=0.39992690086364746 kfs=3 set RASPI_ORBSLAM3_ENABLE_IMU_INIT=1 to experiment
[RASPI_DEBUG] LocalMapping: optimization block end
[RASPI_DEBUG] LocalMapping: ProcessNewKeyFrame begin
[RASPI_DEBUG] ProcessNewKeyFrame: popped KF id=3 frame=236 ts=7.8651940822601318
[RASPI_DEBUG] ProcessNewKeyFrame: ComputeBoW begin
[RASPI_DEBUG] ProcessNewKeyFrame: ComputeBoW end
[RASPI_DEBUG] ProcessNewKeyFrame: map point matches=1509
[RASPI_DEBUG] ProcessNewKeyFrame: observations end
[RASPI_DEBUG] ProcessNewKeyFrame: UpdateConnections begin
[RASPI_DEBUG] ProcessNewKeyFrame: UpdateConnections end
[RASPI_DEBUG] ProcessNewKeyFrame: AddKeyFrame begin
[RASPI_DEBUG] ProcessNewKeyFrame: AddKeyFrame end
[RASPI_DEBUG] LocalMapping: ProcessNewKeyFrame end
[RASPI_DEBUG] LocalMapping: MapPointCulling begin
[RASPI_DEBUG] LocalMapping: MapPointCulling end
[RASPI_DEBUG] LocalMapping: CreateNewMapPoints begin
[RASPI_DEBUG] LocalMapping: CreateNewMapPoints end
[RASPI_DEBUG] LocalMapping: SearchInNeighbors begin
[RASPI_DEBUG] LocalMapping: SearchInNeighbors end
[RASPI_DEBUG] LocalMapping: optimization block begin
[RASPI_DEBUG] LocalMapping: IMU initialization disabled by default window=0.66654205322265625 kfs=4 set RASPI_ORBSLAM3_ENABLE_IMU_INIT=1 to experiment
[RASPI_DEBUG] LocalMapping: optimization block end
[RASPI_DEBUG] LocalMapping: ProcessNewKeyFrame begin
[RASPI_DEBUG] ProcessNewKeyFrame: popped KF id=4 frame=244 ts=8.1318089962005615
[RASPI_DEBUG] ProcessNewKeyFrame: ComputeBoW begin
[RASPI_DEBUG] ProcessNewKeyFrame: ComputeBoW end
[RASPI_DEBUG] ProcessNewKeyFrame: map point matches=1502
[RASPI_DEBUG] ProcessNewKeyFrame: observations end
[RASPI_DEBUG] ProcessNewKeyFrame: UpdateConnections begin
[RASPI_DEBUG] ProcessNewKeyFrame: UpdateConnections end
[RASPI_DEBUG] ProcessNewKeyFrame: AddKeyFrame begin
[RASPI_DEBUG] ProcessNewKeyFrame: AddKeyFrame end
[RASPI_DEBUG] LocalMapping: ProcessNewKeyFrame end
[RASPI_DEBUG] LocalMapping: MapPointCulling begin
[RASPI_DEBUG] LocalMapping: MapPointCulling end
[RASPI_DEBUG] LocalMapping: CreateNewMapPoints begin
[RASPI_DEBUG] LocalMapping: CreateNewMapPoints end
[RASPI_DEBUG] LocalMapping: SearchInNeighbors begin
[RASPI_DEBUG] LocalMapping: SearchInNeighbors end
[RASPI_DEBUG] LocalMapping: optimization block begin
[RASPI_DEBUG] LocalMapping: IMU initialization disabled by default window=0.93315696716308594 kfs=5 set RASPI_ORBSLAM3_ENABLE_IMU_INIT=1 to experiment
[RASPI_DEBUG] LocalMapping: optimization block end
[RASPI_DEBUG] LocalMapping: ProcessNewKeyFrame begin
[RASPI_DEBUG] ProcessNewKeyFrame: popped KF id=5 frame=252 ts=8.3984310626983643
[RASPI_DEBUG] ProcessNewKeyFrame: ComputeBoW begin
[RASPI_DEBUG] ProcessNewKeyFrame: ComputeBoW end
[RASPI_DEBUG] ProcessNewKeyFrame: map point matches=1506
[RASPI_DEBUG] ProcessNewKeyFrame: observations end
[RASPI_DEBUG] ProcessNewKeyFrame: UpdateConnections begin
[RASPI_DEBUG] ProcessNewKeyFrame: UpdateConnections end
[RASPI_DEBUG] ProcessNewKeyFrame: AddKeyFrame begin
[RASPI_DEBUG] ProcessNewKeyFrame: AddKeyFrame end
[RASPI_DEBUG] LocalMapping: ProcessNewKeyFrame end
[RASPI_DEBUG] LocalMapping: MapPointCulling begin
[RASPI_DEBUG] LocalMapping: MapPointCulling end
[RASPI_DEBUG] LocalMapping: CreateNewMapPoints begin
[RASPI_DEBUG] LocalMapping: CreateNewMapPoints end
[RASPI_DEBUG] LocalMapping: SearchInNeighbors begin
[RASPI_DEBUG] LocalMapping: SearchInNeighbors end
[RASPI_DEBUG] LocalMapping: optimization block begin
[RASPI_DEBUG] LocalMapping: IMU initialization disabled by default window=1.1997790336608887 kfs=6 set RASPI_ORBSLAM3_ENABLE_IMU_INIT=1 to experiment
[RASPI_DEBUG] LocalMapping: optimization block end
[RASPI_DEBUG] LocalMapping: ProcessNewKeyFrame begin
[RASPI_DEBUG] ProcessNewKeyFrame: popped KF id=6 frame=260 ts=8.6650478839874268
[RASPI_DEBUG] ProcessNewKeyFrame: ComputeBoW begin
[RASPI_DEBUG] ProcessNewKeyFrame: ComputeBoW end
[RASPI_DEBUG] ProcessNewKeyFrame: map point matches=1508
[RASPI_DEBUG] ProcessNewKeyFrame: observations end
[RASPI_DEBUG] ProcessNewKeyFrame: UpdateConnections begin
[RASPI_DEBUG] ProcessNewKeyFrame: UpdateConnections end
[RASPI_DEBUG] ProcessNewKeyFrame: AddKeyFrame begin
[RASPI_DEBUG] ProcessNewKeyFrame: AddKeyFrame end
[RASPI_DEBUG] LocalMapping: ProcessNewKeyFrame end
[RASPI_DEBUG] LocalMapping: MapPointCulling begin
[RASPI_DEBUG] LocalMapping: MapPointCulling end
[RASPI_DEBUG] LocalMapping: CreateNewMapPoints begin
[RASPI_DEBUG] LocalMapping: CreateNewMapPoints end
[RASPI_DEBUG] LocalMapping: SearchInNeighbors begin
[RASPI_DEBUG] LocalMapping: SearchInNeighbors end
[RASPI_DEBUG] LocalMapping: optimization block begin
[RASPI_DEBUG] LocalMapping: IMU initialization disabled by default window=1.4663958549499512 kfs=7 set RASPI_ORBSLAM3_ENABLE_IMU_INIT=1 to experiment
[RASPI_DEBUG] LocalMapping: optimization block end
[RASPI_DEBUG] LocalMapping: ProcessNewKeyFrame begin
[RASPI_DEBUG] ProcessNewKeyFrame: popped KF id=7 frame=268 ts=8.9316630363464355
[RASPI_DEBUG] ProcessNewKeyFrame: ComputeBoW begin
[RASPI_DEBUG] ProcessNewKeyFrame: ComputeBoW end
[RASPI_DEBUG] ProcessNewKeyFrame: map point matches=1506
[RASPI_DEBUG] ProcessNewKeyFrame: observations end
[RASPI_DEBUG] ProcessNewKeyFrame: UpdateConnections begin
[RASPI_DEBUG] ProcessNewKeyFrame: UpdateConnections end
[RASPI_DEBUG] ProcessNewKeyFrame: AddKeyFrame begin
[RASPI_DEBUG] ProcessNewKeyFrame: AddKeyFrame end
[RASPI_DEBUG] LocalMapping: ProcessNewKeyFrame end
[RASPI_DEBUG] LocalMapping: MapPointCulling begin
[RASPI_DEBUG] LocalMapping: MapPointCulling end
[RASPI_DEBUG] LocalMapping: CreateNewMapPoints begin
[RASPI_DEBUG] LocalMapping: CreateNewMapPoints end
[RASPI_DEBUG] LocalMapping: SearchInNeighbors begin
[RASPI_DEBUG] LocalMapping: SearchInNeighbors end
[RASPI_DEBUG] LocalMapping: optimization block begin
[RASPI_DEBUG] LocalMapping: IMU initialization disabled by default window=1.73301100730896 kfs=8 set RASPI_ORBSLAM3_ENABLE_IMU_INIT=1 to experiment
[RASPI_DEBUG] LocalMapping: optimization block end
TrackLocalMap() mnMatchesInliers<50 && !mpAtlas->isImuInitialized() = 6
Fail to track local map!
IMU is not or recently initialized. Reseting active map...
SYSTEM-> Reseting active map in monocular case
LM: Active map reset recieved
LM: Active map reset, waiting...
LM: Reseting current map in Local Mapping...
LM: End reseting Local Mapping...
LM: Reset free the mutex
LM: Active map reset, Done!!!
mnFirstFrameId = 220
mnInitialFrameId = 0
272 Frames set to lost
line 1873 keyframes 0MapPoints0
init_success=0
 tag_init_success=0
init_success=0
 tag_init_success=0
init_success=0
 tag_init_success=0
init_success=0
 tag_init_success=0
init_success=0
 tag_init_success=0
init_success=0
 tag_init_success=0
init_success=0
 tag_init_success=0
init_success=0
 tag_init_success=0
init_success=0
 tag_init_success=0
init_success=0
 tag_init_success=0
Failed to init: n_keypoints 7486 time_since_init_frame0.3332679271697998
init_success=0
 tag_init_success=0
init_success=0
 tag_init_success=0
init_success=0
 tag_init_success=0
init_success=0
 tag_init_success=0
init_success=0
 tag_init_success=0
init_success=0
 tag_init_success=0
init_success=0
 tag_init_success=0
init_success=0
 tag_init_success=0
init_success=0
 tag_init_success=0
init_success=0
 tag_init_success=0
Failed to init: n_keypoints 7491 time_since_init_frame0.33326911926269531
init_success=0
 tag_init_success=0
init_success=0
 tag_init_success=0
init_success=0
 tag_init_success=0
init_success=0
 tag_init_success=0
frame=300 t=9.9981310367584229 imu_batch=8 tracking_state=1 lost_run=0
init_success=0
 tag_init_success=0
init_success=1
First KF:8; Map init KF:0
New Map created with 276 points
[RASPI_DEBUG] Tracking: skipping initial GlobalBundleAdjustment
[RASPI_DEBUG] LocalMapping: ProcessNewKeyFrame begin
[RASPI_DEBUG] ProcessNewKeyFrame: popped KF id=8 frame=296 ts=9.8648359775543213
[RASPI_DEBUG] ProcessNewKeyFrame: ComputeBoW begin
[RASPI_DEBUG] ProcessNewKeyFrame: ComputeBoW end
[RASPI_DEBUG] ProcessNewKeyFrame: map point matches=7481
[RASPI_DEBUG] ProcessNewKeyFrame: observations end
[RASPI_DEBUG] ProcessNewKeyFrame: UpdateConnections begin
[RASPI_DEBUG] ProcessNewKeyFrame: UpdateConnections end
[RASPI_DEBUG] ProcessNewKeyFrame: AddKeyFrame begin
[RASPI_DEBUG] ProcessNewKeyFrame: AddKeyFrame end
[RASPI_DEBUG] LocalMapping: ProcessNewKeyFrame end
[RASPI_DEBUG] LocalMapping: MapPointCulling begin
[RASPI_DEBUG] LocalMapping: MapPointCulling end
[RASPI_DEBUG] LocalMapping: CreateNewMapPoints begin
[RASPI_DEBUG] LocalMapping: CreateNewMapPoints end
[RASPI_DEBUG] LocalMapping: ProcessNewKeyFrame begin
[RASPI_DEBUG] ProcessNewKeyFrame: popped KF id=9 frame=302 ts=10.064784049987793
[RASPI_DEBUG] ProcessNewKeyFrame: ComputeBoW begin
[RASPI_DEBUG] ProcessNewKeyFrame: ComputeBoW end
[RASPI_DEBUG] ProcessNewKeyFrame: map point matches=7493
[RASPI_DEBUG] ProcessNewKeyFrame: observations end
[RASPI_DEBUG] ProcessNewKeyFrame: UpdateConnections begin
[RASPI_DEBUG] ProcessNewKeyFrame: UpdateConnections end
[RASPI_DEBUG] ProcessNewKeyFrame: AddKeyFrame begin
[RASPI_DEBUG] ProcessNewKeyFrame: AddKeyFrame end
[RASPI_DEBUG] LocalMapping: ProcessNewKeyFrame end
[RASPI_DEBUG] LocalMapping: MapPointCulling begin
[RASPI_DEBUG] LocalMapping: MapPointCulling end
[RASPI_DEBUG] LocalMapping: CreateNewMapPoints begin
[RASPI_DEBUG] LocalMapping: CreateNewMapPoints end
[RASPI_DEBUG] LocalMapping: SearchInNeighbors begin
[RASPI_DEBUG] LocalMapping: SearchInNeighbors end
[RASPI_DEBUG] LocalMapping: optimization block begin
[RASPI_DEBUG] LocalMapping: IMU initialization disabled by default window=0.19994807243347168 kfs=2 set RASPI_ORBSLAM3_ENABLE_IMU_INIT=1 to experiment
[RASPI_DEBUG] LocalMapping: optimization block end
[RASPI_DEBUG] LocalMapping: ProcessNewKeyFrame begin
[RASPI_DEBUG] ProcessNewKeyFrame: popped KF id=10 frame=310 ts=10.331399917602539
[RASPI_DEBUG] ProcessNewKeyFrame: ComputeBoW begin
[RASPI_DEBUG] ProcessNewKeyFrame: ComputeBoW end
[RASPI_DEBUG] ProcessNewKeyFrame: map point matches=1506
[RASPI_DEBUG] ProcessNewKeyFrame: observations end
[RASPI_DEBUG] ProcessNewKeyFrame: UpdateConnections begin
[RASPI_DEBUG] ProcessNewKeyFrame: UpdateConnections end
[RASPI_DEBUG] ProcessNewKeyFrame: AddKeyFrame begin
[RASPI_DEBUG] ProcessNewKeyFrame: AddKeyFrame end
[RASPI_DEBUG] LocalMapping: ProcessNewKeyFrame end
[RASPI_DEBUG] LocalMapping: MapPointCulling begin
[RASPI_DEBUG] LocalMapping: MapPointCulling end
[RASPI_DEBUG] LocalMapping: CreateNewMapPoints begin
[RASPI_DEBUG] LocalMapping: CreateNewMapPoints end
[RASPI_DEBUG] LocalMapping: SearchInNeighbors begin
[RASPI_DEBUG] LocalMapping: SearchInNeighbors end
[RASPI_DEBUG] LocalMapping: optimization block begin
[RASPI_DEBUG] LocalMapping: IMU initialization disabled by default window=0.46656394004821777 kfs=3 set RASPI_ORBSLAM3_ENABLE_IMU_INIT=1 to experiment
[RASPI_DEBUG] LocalMapping: optimization block end
[RASPI_DEBUG] LocalMapping: ProcessNewKeyFrame begin
[RASPI_DEBUG] ProcessNewKeyFrame: popped KF id=11 frame=318 ts=10.598017930984497
[RASPI_DEBUG] ProcessNewKeyFrame: ComputeBoW begin
[RASPI_DEBUG] ProcessNewKeyFrame: ComputeBoW end
[RASPI_DEBUG] ProcessNewKeyFrame: map point matches=1506
[RASPI_DEBUG] ProcessNewKeyFrame: observations end
[RASPI_DEBUG] ProcessNewKeyFrame: UpdateConnections begin
[RASPI_DEBUG] ProcessNewKeyFrame: UpdateConnections end
[RASPI_DEBUG] ProcessNewKeyFrame: AddKeyFrame begin
[RASPI_DEBUG] ProcessNewKeyFrame: AddKeyFrame end
[RASPI_DEBUG] LocalMapping: ProcessNewKeyFrame end
[RASPI_DEBUG] LocalMapping: MapPointCulling begin
[RASPI_DEBUG] LocalMapping: MapPointCulling end
[RASPI_DEBUG] LocalMapping: CreateNewMapPoints begin
[RASPI_DEBUG] LocalMapping: CreateNewMapPoints end
[RASPI_DEBUG] LocalMapping: SearchInNeighbors begin
[RASPI_DEBUG] LocalMapping: SearchInNeighbors end
[RASPI_DEBUG] LocalMapping: optimization block begin
[RASPI_DEBUG] LocalMapping: IMU initialization disabled by default window=0.73318195343017578 kfs=4 set RASPI_ORBSLAM3_ENABLE_IMU_INIT=1 to experiment
[RASPI_DEBUG] LocalMapping: optimization block end
[RASPI_DEBUG] LocalMapping: ProcessNewKeyFrame begin
[RASPI_DEBUG] ProcessNewKeyFrame: popped KF id=12 frame=326 ts=10.864639043807983
[RASPI_DEBUG] ProcessNewKeyFrame: ComputeBoW begin
[RASPI_DEBUG] ProcessNewKeyFrame: ComputeBoW end
[RASPI_DEBUG] ProcessNewKeyFrame: map point matches=1505
[RASPI_DEBUG] ProcessNewKeyFrame: observations end
[RASPI_DEBUG] ProcessNewKeyFrame: UpdateConnections begin
[RASPI_DEBUG] ProcessNewKeyFrame: UpdateConnections end
[RASPI_DEBUG] ProcessNewKeyFrame: AddKeyFrame begin
[RASPI_DEBUG] ProcessNewKeyFrame: AddKeyFrame end
[RASPI_DEBUG] LocalMapping: ProcessNewKeyFrame end
[RASPI_DEBUG] LocalMapping: MapPointCulling begin
[RASPI_DEBUG] LocalMapping: MapPointCulling end
[RASPI_DEBUG] LocalMapping: CreateNewMapPoints begin
[RASPI_DEBUG] LocalMapping: CreateNewMapPoints end
[RASPI_DEBUG] LocalMapping: SearchInNeighbors begin
[RASPI_DEBUG] LocalMapping: SearchInNeighbors end
[RASPI_DEBUG] LocalMapping: optimization block begin
[RASPI_DEBUG] LocalMapping: IMU initialization disabled by default window=0.99980306625366211 kfs=5 set RASPI_ORBSLAM3_ENABLE_IMU_INIT=1 to experiment
[RASPI_DEBUG] LocalMapping: optimization block end
[RASPI_DEBUG] LocalMapping: ProcessNewKeyFrame begin
[RASPI_DEBUG] ProcessNewKeyFrame: popped KF id=13 frame=334 ts=11.131254911422729
[RASPI_DEBUG] ProcessNewKeyFrame: ComputeBoW begin
[RASPI_DEBUG] ProcessNewKeyFrame: ComputeBoW end
[RASPI_DEBUG] ProcessNewKeyFrame: map point matches=1501
[RASPI_DEBUG] ProcessNewKeyFrame: observations end
[RASPI_DEBUG] ProcessNewKeyFrame: UpdateConnections begin
[RASPI_DEBUG] ProcessNewKeyFrame: UpdateConnections end
[RASPI_DEBUG] ProcessNewKeyFrame: AddKeyFrame begin
[RASPI_DEBUG] ProcessNewKeyFrame: AddKeyFrame end
[RASPI_DEBUG] LocalMapping: ProcessNewKeyFrame end
[RASPI_DEBUG] LocalMapping: MapPointCulling begin
[RASPI_DEBUG] LocalMapping: MapPointCulling end
[RASPI_DEBUG] LocalMapping: CreateNewMapPoints begin
[RASPI_DEBUG] LocalMapping: CreateNewMapPoints end
[RASPI_DEBUG] LocalMapping: SearchInNeighbors begin
[RASPI_DEBUG] LocalMapping: SearchInNeighbors end
[RASPI_DEBUG] LocalMapping: optimization block begin
[RASPI_DEBUG] LocalMapping: IMU initialization disabled by default window=1.2664189338684082 kfs=6 set RASPI_ORBSLAM3_ENABLE_IMU_INIT=1 to experiment
[RASPI_DEBUG] LocalMapping: optimization block end
[RASPI_DEBUG] LocalMapping: ProcessNewKeyFrame begin
[RASPI_DEBUG] ProcessNewKeyFrame: popped KF id=14 frame=342 ts=11.397870063781738
[RASPI_DEBUG] ProcessNewKeyFrame: ComputeBoW begin
[RASPI_DEBUG] ProcessNewKeyFrame: ComputeBoW end
[RASPI_DEBUG] ProcessNewKeyFrame: map point matches=1510
[RASPI_DEBUG] ProcessNewKeyFrame: observations end
[RASPI_DEBUG] ProcessNewKeyFrame: UpdateConnections begin
[RASPI_DEBUG] ProcessNewKeyFrame: UpdateConnections end
[RASPI_DEBUG] ProcessNewKeyFrame: AddKeyFrame begin
[RASPI_DEBUG] ProcessNewKeyFrame: AddKeyFrame end
[RASPI_DEBUG] LocalMapping: ProcessNewKeyFrame end
[RASPI_DEBUG] LocalMapping: MapPointCulling begin
[RASPI_DEBUG] LocalMapping: MapPointCulling end
[RASPI_DEBUG] LocalMapping: CreateNewMapPoints begin
[RASPI_DEBUG] LocalMapping: CreateNewMapPoints end
[RASPI_DEBUG] LocalMapping: SearchInNeighbors begin
[RASPI_DEBUG] LocalMapping: SearchInNeighbors end
[RASPI_DEBUG] LocalMapping: optimization block begin
[RASPI_DEBUG] LocalMapping: IMU initialization disabled by default window=1.533034086227417 kfs=7 set RASPI_ORBSLAM3_ENABLE_IMU_INIT=1 to experiment
[RASPI_DEBUG] LocalMapping: optimization block end
[RASPI_DEBUG] LocalMapping: ProcessNewKeyFrame begin
[RASPI_DEBUG] ProcessNewKeyFrame: popped KF id=15 frame=350 ts=11.664488077163696
[RASPI_DEBUG] ProcessNewKeyFrame: ComputeBoW begin
[RASPI_DEBUG] ProcessNewKeyFrame: ComputeBoW end
[RASPI_DEBUG] ProcessNewKeyFrame: map point matches=1509
[RASPI_DEBUG] ProcessNewKeyFrame: observations end
[RASPI_DEBUG] ProcessNewKeyFrame: UpdateConnections begin
[RASPI_DEBUG] ProcessNewKeyFrame: UpdateConnections end
[RASPI_DEBUG] ProcessNewKeyFrame: AddKeyFrame begin
[RASPI_DEBUG] ProcessNewKeyFrame: AddKeyFrame end
[RASPI_DEBUG] LocalMapping: ProcessNewKeyFrame end
[RASPI_DEBUG] LocalMapping: MapPointCulling begin
[RASPI_DEBUG] LocalMapping: MapPointCulling end
[RASPI_DEBUG] LocalMapping: CreateNewMapPoints begin
[RASPI_DEBUG] LocalMapping: CreateNewMapPoints end
[RASPI_DEBUG] LocalMapping: SearchInNeighbors begin
[RASPI_DEBUG] LocalMapping: SearchInNeighbors end
[RASPI_DEBUG] LocalMapping: optimization block begin
[RASPI_DEBUG] LocalMapping: IMU initialization disabled by default window=1.799652099609375 kfs=8 set RASPI_ORBSLAM3_ENABLE_IMU_INIT=1 to experiment
[RASPI_DEBUG] LocalMapping: optimization block end
[RASPI_DEBUG] LocalMapping: ProcessNewKeyFrame begin
[RASPI_DEBUG] ProcessNewKeyFrame: popped KF id=16 frame=358 ts=11.931107997894287
[RASPI_DEBUG] ProcessNewKeyFrame: ComputeBoW begin
[RASPI_DEBUG] ProcessNewKeyFrame: ComputeBoW end
[RASPI_DEBUG] ProcessNewKeyFrame: map point matches=1504
[RASPI_DEBUG] ProcessNewKeyFrame: observations end
[RASPI_DEBUG] ProcessNewKeyFrame: UpdateConnections begin
[RASPI_DEBUG] ProcessNewKeyFrame: UpdateConnections end
[RASPI_DEBUG] ProcessNewKeyFrame: AddKeyFrame begin
[RASPI_DEBUG] ProcessNewKeyFrame: AddKeyFrame end
[RASPI_DEBUG] LocalMapping: ProcessNewKeyFrame end
[RASPI_DEBUG] LocalMapping: MapPointCulling begin
[RASPI_DEBUG] LocalMapping: MapPointCulling end
[RASPI_DEBUG] LocalMapping: CreateNewMapPoints begin
[RASPI_DEBUG] LocalMapping: CreateNewMapPoints end
[RASPI_DEBUG] LocalMapping: SearchInNeighbors begin
[RASPI_DEBUG] LocalMapping: SearchInNeighbors end
[RASPI_DEBUG] LocalMapping: optimization block begin
[RASPI_DEBUG] LocalMapping: IMU initialization disabled by default window=2.0662720203399658 kfs=9 set RASPI_ORBSLAM3_ENABLE_IMU_INIT=1 to experiment
[RASPI_DEBUG] LocalMapping: optimization block end
[RASPI_DEBUG] LocalMapping: ProcessNewKeyFrame begin
[RASPI_DEBUG] ProcessNewKeyFrame: popped KF id=17 frame=366 ts=12.197725057601929
[RASPI_DEBUG] ProcessNewKeyFrame: ComputeBoW begin
[RASPI_DEBUG] ProcessNewKeyFrame: ComputeBoW end
[RASPI_DEBUG] ProcessNewKeyFrame: map point matches=1506
[RASPI_DEBUG] ProcessNewKeyFrame: observations end
[RASPI_DEBUG] ProcessNewKeyFrame: UpdateConnections begin
[RASPI_DEBUG] ProcessNewKeyFrame: UpdateConnections end
[RASPI_DEBUG] ProcessNewKeyFrame: AddKeyFrame begin
[RASPI_DEBUG] ProcessNewKeyFrame: AddKeyFrame end
[RASPI_DEBUG] LocalMapping: ProcessNewKeyFrame end
[RASPI_DEBUG] LocalMapping: MapPointCulling begin
[RASPI_DEBUG] LocalMapping: MapPointCulling end
[RASPI_DEBUG] LocalMapping: CreateNewMapPoints begin
[RASPI_DEBUG] LocalMapping: CreateNewMapPoints end
[RASPI_DEBUG] LocalMapping: SearchInNeighbors begin
[RASPI_DEBUG] LocalMapping: SearchInNeighbors end
[RASPI_DEBUG] LocalMapping: optimization block begin
[RASPI_DEBUG] LocalMapping: IMU initialization disabled by default window=2.3328890800476074 kfs=10 set RASPI_ORBSLAM3_ENABLE_IMU_INIT=1 to experiment
[RASPI_DEBUG] LocalMapping: optimization block end
[RASPI_DEBUG] LocalMapping: ProcessNewKeyFrame begin
[RASPI_DEBUG] ProcessNewKeyFrame: popped KF id=18 frame=374 ts=12.464335918426514
[RASPI_DEBUG] ProcessNewKeyFrame: ComputeBoW begin
[RASPI_DEBUG] ProcessNewKeyFrame: ComputeBoW end
[RASPI_DEBUG] ProcessNewKeyFrame: map point matches=1501
[RASPI_DEBUG] ProcessNewKeyFrame: observations end
[RASPI_DEBUG] ProcessNewKeyFrame: UpdateConnections begin
[RASPI_DEBUG] ProcessNewKeyFrame: UpdateConnections end
[RASPI_DEBUG] ProcessNewKeyFrame: AddKeyFrame begin
[RASPI_DEBUG] ProcessNewKeyFrame: AddKeyFrame end
[RASPI_DEBUG] LocalMapping: ProcessNewKeyFrame end
[RASPI_DEBUG] LocalMapping: MapPointCulling begin
[RASPI_DEBUG] LocalMapping: MapPointCulling end
[RASPI_DEBUG] LocalMapping: CreateNewMapPoints begin
[RASPI_DEBUG] LocalMapping: CreateNewMapPoints end
[RASPI_DEBUG] LocalMapping: SearchInNeighbors begin
[RASPI_DEBUG] LocalMapping: SearchInNeighbors end
[RASPI_DEBUG] LocalMapping: optimization block begin
[RASPI_DEBUG] LocalMapping: IMU initialization disabled by default window=2.5994999408721924 kfs=11 set RASPI_ORBSLAM3_ENABLE_IMU_INIT=1 to experiment
[RASPI_DEBUG] LocalMapping: optimization block end
[RASPI_DEBUG] LocalMapping: ProcessNewKeyFrame begin
[RASPI_DEBUG] ProcessNewKeyFrame: popped KF id=19 frame=382 ts=12.730958938598633
[RASPI_DEBUG] ProcessNewKeyFrame: ComputeBoW begin
[RASPI_DEBUG] ProcessNewKeyFrame: ComputeBoW end
[RASPI_DEBUG] ProcessNewKeyFrame: map point matches=1506
[RASPI_DEBUG] ProcessNewKeyFrame: observations end
[RASPI_DEBUG] ProcessNewKeyFrame: UpdateConnections begin
[RASPI_DEBUG] ProcessNewKeyFrame: UpdateConnections end
[RASPI_DEBUG] ProcessNewKeyFrame: AddKeyFrame begin
[RASPI_DEBUG] ProcessNewKeyFrame: AddKeyFrame end
[RASPI_DEBUG] LocalMapping: ProcessNewKeyFrame end
[RASPI_DEBUG] LocalMapping: MapPointCulling begin
[RASPI_DEBUG] LocalMapping: MapPointCulling end
[RASPI_DEBUG] LocalMapping: CreateNewMapPoints begin
[RASPI_DEBUG] LocalMapping: CreateNewMapPoints end
[RASPI_DEBUG] LocalMapping: SearchInNeighbors begin
[RASPI_DEBUG] LocalMapping: SearchInNeighbors end
[RASPI_DEBUG] LocalMapping: optimization block begin
[RASPI_DEBUG] LocalMapping: IMU initialization disabled by default window=2.8661229610443115 kfs=12 set RASPI_ORBSLAM3_ENABLE_IMU_INIT=1 to experiment
[RASPI_DEBUG] LocalMapping: optimization block end
[RASPI_DEBUG] LocalMapping: ProcessNewKeyFrame begin
[RASPI_DEBUG] ProcessNewKeyFrame: popped KF id=20 frame=390 ts=12.997570037841797
[RASPI_DEBUG] ProcessNewKeyFrame: ComputeBoW begin
[RASPI_DEBUG] ProcessNewKeyFrame: ComputeBoW end
[RASPI_DEBUG] ProcessNewKeyFrame: map point matches=1511
[RASPI_DEBUG] ProcessNewKeyFrame: observations end
[RASPI_DEBUG] ProcessNewKeyFrame: UpdateConnections begin
[RASPI_DEBUG] ProcessNewKeyFrame: UpdateConnections end
[RASPI_DEBUG] ProcessNewKeyFrame: AddKeyFrame begin
[RASPI_DEBUG] ProcessNewKeyFrame: AddKeyFrame end
[RASPI_DEBUG] LocalMapping: ProcessNewKeyFrame end
[RASPI_DEBUG] LocalMapping: MapPointCulling begin
[RASPI_DEBUG] LocalMapping: MapPointCulling end
[RASPI_DEBUG] LocalMapping: CreateNewMapPoints begin
[RASPI_DEBUG] LocalMapping: CreateNewMapPoints end
[RASPI_DEBUG] LocalMapping: SearchInNeighbors begin
[RASPI_DEBUG] LocalMapping: SearchInNeighbors end
[RASPI_DEBUG] LocalMapping: optimization block begin
[RASPI_DEBUG] LocalMapping: IMU initialization disabled by default window=3.1327340602874756 kfs=13 set RASPI_ORBSLAM3_ENABLE_IMU_INIT=1 to experiment
[RASPI_DEBUG] LocalMapping: optimization block end
[RASPI_DEBUG] LocalMapping: ProcessNewKeyFrame begin
[RASPI_DEBUG] ProcessNewKeyFrame: popped KF id=21 frame=398 ts=13.264184951782227
[RASPI_DEBUG] ProcessNewKeyFrame: ComputeBoW begin
[RASPI_DEBUG] ProcessNewKeyFrame: ComputeBoW end
[RASPI_DEBUG] ProcessNewKeyFrame: map point matches=1507
[RASPI_DEBUG] ProcessNewKeyFrame: observations end
[RASPI_DEBUG] ProcessNewKeyFrame: UpdateConnections begin
[RASPI_DEBUG] ProcessNewKeyFrame: UpdateConnections end
[RASPI_DEBUG] ProcessNewKeyFrame: AddKeyFrame begin
[RASPI_DEBUG] ProcessNewKeyFrame: AddKeyFrame end
[RASPI_DEBUG] LocalMapping: ProcessNewKeyFrame end
[RASPI_DEBUG] LocalMapping: MapPointCulling begin
[RASPI_DEBUG] LocalMapping: MapPointCulling end
[RASPI_DEBUG] LocalMapping: CreateNewMapPoints begin
[RASPI_DEBUG] LocalMapping: CreateNewMapPoints end
[RASPI_DEBUG] LocalMapping: SearchInNeighbors begin
[RASPI_DEBUG] LocalMapping: SearchInNeighbors end
[RASPI_DEBUG] LocalMapping: optimization block begin
frame=400 t=13.330840110778809 imu_batch=9 tracking_state=2 lost_run=0
[RASPI_DEBUG] LocalMapping: IMU initialization disabled by default window=3.3993489742279053 kfs=14 set RASPI_ORBSLAM3_ENABLE_IMU_INIT=1 to experiment
[RASPI_DEBUG] LocalMapping: optimization block end
[RASPI_DEBUG] LocalMapping: ProcessNewKeyFrame begin
[RASPI_DEBUG] ProcessNewKeyFrame: popped KF id=22 frame=406 ts=13.530807018280029
[RASPI_DEBUG] ProcessNewKeyFrame: ComputeBoW begin
[RASPI_DEBUG] ProcessNewKeyFrame: ComputeBoW end
[RASPI_DEBUG] ProcessNewKeyFrame: map point matches=1507
[RASPI_DEBUG] ProcessNewKeyFrame: observations end
[RASPI_DEBUG] ProcessNewKeyFrame: UpdateConnections begin
[RASPI_DEBUG] ProcessNewKeyFrame: UpdateConnections end
[RASPI_DEBUG] ProcessNewKeyFrame: AddKeyFrame begin
[RASPI_DEBUG] ProcessNewKeyFrame: AddKeyFrame end
[RASPI_DEBUG] LocalMapping: ProcessNewKeyFrame end
[RASPI_DEBUG] LocalMapping: MapPointCulling begin
[RASPI_DEBUG] LocalMapping: MapPointCulling end
[RASPI_DEBUG] LocalMapping: CreateNewMapPoints begin
[RASPI_DEBUG] LocalMapping: CreateNewMapPoints end
[RASPI_DEBUG] LocalMapping: SearchInNeighbors begin
[RASPI_DEBUG] LocalMapping: SearchInNeighbors end
[RASPI_DEBUG] LocalMapping: optimization block begin
[RASPI_DEBUG] LocalMapping: IMU initialization disabled by default window=3.665971040725708 kfs=15 set RASPI_ORBSLAM3_ENABLE_IMU_INIT=1 to experiment
[RASPI_DEBUG] LocalMapping: optimization block end
[RASPI_DEBUG] LocalMapping: ProcessNewKeyFrame begin
[RASPI_DEBUG] ProcessNewKeyFrame: popped KF id=23 frame=414 ts=13.797420978546143
[RASPI_DEBUG] ProcessNewKeyFrame: ComputeBoW begin
[RASPI_DEBUG] ProcessNewKeyFrame: ComputeBoW end
[RASPI_DEBUG] ProcessNewKeyFrame: map point matches=1511
[RASPI_DEBUG] ProcessNewKeyFrame: observations end
[RASPI_DEBUG] ProcessNewKeyFrame: UpdateConnections begin
[RASPI_DEBUG] ProcessNewKeyFrame: UpdateConnections end
[RASPI_DEBUG] ProcessNewKeyFrame: AddKeyFrame begin
[RASPI_DEBUG] ProcessNewKeyFrame: AddKeyFrame end
[RASPI_DEBUG] LocalMapping: ProcessNewKeyFrame end
[RASPI_DEBUG] LocalMapping: MapPointCulling begin
[RASPI_DEBUG] LocalMapping: MapPointCulling end
[RASPI_DEBUG] LocalMapping: CreateNewMapPoints begin
[RASPI_DEBUG] LocalMapping: CreateNewMapPoints end
[RASPI_DEBUG] LocalMapping: SearchInNeighbors begin
[RASPI_DEBUG] LocalMapping: SearchInNeighbors end
[RASPI_DEBUG] LocalMapping: optimization block begin
[RASPI_DEBUG] LocalMapping: IMU initialization disabled by default window=3.9325850009918213 kfs=16 set RASPI_ORBSLAM3_ENABLE_IMU_INIT=1 to experiment
[RASPI_DEBUG] LocalMapping: optimization block end
[RASPI_DEBUG] LocalMapping: ProcessNewKeyFrame begin
[RASPI_DEBUG] ProcessNewKeyFrame: popped KF id=24 frame=422 ts=14.064035892486572
[RASPI_DEBUG] ProcessNewKeyFrame: ComputeBoW begin
[RASPI_DEBUG] ProcessNewKeyFrame: ComputeBoW end
[RASPI_DEBUG] ProcessNewKeyFrame: map point matches=1509
[RASPI_DEBUG] ProcessNewKeyFrame: observations end
[RASPI_DEBUG] ProcessNewKeyFrame: UpdateConnections begin
[RASPI_DEBUG] ProcessNewKeyFrame: UpdateConnections end
[RASPI_DEBUG] ProcessNewKeyFrame: AddKeyFrame begin
[RASPI_DEBUG] ProcessNewKeyFrame: AddKeyFrame end
[RASPI_DEBUG] LocalMapping: ProcessNewKeyFrame end
[RASPI_DEBUG] LocalMapping: MapPointCulling begin
[RASPI_DEBUG] LocalMapping: MapPointCulling end
[RASPI_DEBUG] LocalMapping: CreateNewMapPoints begin
[RASPI_DEBUG] LocalMapping: CreateNewMapPoints end
[RASPI_DEBUG] LocalMapping: SearchInNeighbors begin
[RASPI_DEBUG] LocalMapping: SearchInNeighbors end
[RASPI_DEBUG] LocalMapping: optimization block begin
[RASPI_DEBUG] LocalMapping: IMU initialization disabled by default window=4.199199914932251 kfs=17 set RASPI_ORBSLAM3_ENABLE_IMU_INIT=1 to experiment
[RASPI_DEBUG] LocalMapping: optimization block end
[RASPI_DEBUG] LocalMapping: ProcessNewKeyFrame begin
[RASPI_DEBUG] ProcessNewKeyFrame: popped KF id=25 frame=430 ts=14.33065390586853
[RASPI_DEBUG] ProcessNewKeyFrame: ComputeBoW begin
[RASPI_DEBUG] ProcessNewKeyFrame: ComputeBoW end
[RASPI_DEBUG] ProcessNewKeyFrame: map point matches=1504
[RASPI_DEBUG] ProcessNewKeyFrame: observations end
[RASPI_DEBUG] ProcessNewKeyFrame: UpdateConnections begin
[RASPI_DEBUG] ProcessNewKeyFrame: UpdateConnections end
[RASPI_DEBUG] ProcessNewKeyFrame: AddKeyFrame begin
[RASPI_DEBUG] ProcessNewKeyFrame: AddKeyFrame end
[RASPI_DEBUG] LocalMapping: ProcessNewKeyFrame end
[RASPI_DEBUG] LocalMapping: MapPointCulling begin
[RASPI_DEBUG] LocalMapping: MapPointCulling end
[RASPI_DEBUG] LocalMapping: CreateNewMapPoints begin
[RASPI_DEBUG] LocalMapping: CreateNewMapPoints end
[RASPI_DEBUG] LocalMapping: SearchInNeighbors begin
[RASPI_DEBUG] LocalMapping: SearchInNeighbors end
[RASPI_DEBUG] LocalMapping: optimization block begin
[RASPI_DEBUG] LocalMapping: IMU initialization disabled by default window=4.465817928314209 kfs=18 set RASPI_ORBSLAM3_ENABLE_IMU_INIT=1 to experiment
[RASPI_DEBUG] LocalMapping: optimization block end
[RASPI_DEBUG] LocalMapping: ProcessNewKeyFrame begin
[RASPI_DEBUG] ProcessNewKeyFrame: popped KF id=26 frame=438 ts=14.597273111343384
[RASPI_DEBUG] ProcessNewKeyFrame: ComputeBoW begin
[RASPI_DEBUG] ProcessNewKeyFrame: ComputeBoW end
[RASPI_DEBUG] ProcessNewKeyFrame: map point matches=1507
[RASPI_DEBUG] ProcessNewKeyFrame: observations end
[RASPI_DEBUG] ProcessNewKeyFrame: UpdateConnections begin
[RASPI_DEBUG] ProcessNewKeyFrame: UpdateConnections end
[RASPI_DEBUG] ProcessNewKeyFrame: AddKeyFrame begin
[RASPI_DEBUG] ProcessNewKeyFrame: AddKeyFrame end
[RASPI_DEBUG] LocalMapping: ProcessNewKeyFrame end
[RASPI_DEBUG] LocalMapping: MapPointCulling begin
[RASPI_DEBUG] LocalMapping: MapPointCulling end
[RASPI_DEBUG] LocalMapping: CreateNewMapPoints begin
[RASPI_DEBUG] LocalMapping: CreateNewMapPoints end
[RASPI_DEBUG] LocalMapping: SearchInNeighbors begin
[RASPI_DEBUG] LocalMapping: SearchInNeighbors end
[RASPI_DEBUG] LocalMapping: optimization block begin
[RASPI_DEBUG] LocalMapping: IMU initialization disabled by default window=4.7324371337890625 kfs=19 set RASPI_ORBSLAM3_ENABLE_IMU_INIT=1 to experiment
[RASPI_DEBUG] LocalMapping: optimization block end
[RASPI_DEBUG] LocalMapping: ProcessNewKeyFrame begin
[RASPI_DEBUG] ProcessNewKeyFrame: popped KF id=27 frame=446 ts=14.863889932632446
[RASPI_DEBUG] ProcessNewKeyFrame: ComputeBoW begin
[RASPI_DEBUG] ProcessNewKeyFrame: ComputeBoW end
[RASPI_DEBUG] ProcessNewKeyFrame: map point matches=1504
[RASPI_DEBUG] ProcessNewKeyFrame: observations end
[RASPI_DEBUG] ProcessNewKeyFrame: UpdateConnections begin
[RASPI_DEBUG] ProcessNewKeyFrame: UpdateConnections end
[RASPI_DEBUG] ProcessNewKeyFrame: AddKeyFrame begin
[RASPI_DEBUG] ProcessNewKeyFrame: AddKeyFrame end
[RASPI_DEBUG] LocalMapping: ProcessNewKeyFrame end
[RASPI_DEBUG] LocalMapping: MapPointCulling begin
[RASPI_DEBUG] LocalMapping: MapPointCulling end
[RASPI_DEBUG] LocalMapping: CreateNewMapPoints begin
[RASPI_DEBUG] LocalMapping: CreateNewMapPoints end
[RASPI_DEBUG] LocalMapping: SearchInNeighbors begin
[RASPI_DEBUG] LocalMapping: SearchInNeighbors end
[RASPI_DEBUG] LocalMapping: optimization block begin
[RASPI_DEBUG] LocalMapping: IMU initialization disabled by default window=4.999053955078125 kfs=20 set RASPI_ORBSLAM3_ENABLE_IMU_INIT=1 to experiment
[RASPI_DEBUG] LocalMapping: optimization block end
[RASPI_DEBUG] LocalMapping: ProcessNewKeyFrame begin
[RASPI_DEBUG] ProcessNewKeyFrame: popped KF id=28 frame=454 ts=15.130506992340088
[RASPI_DEBUG] ProcessNewKeyFrame: ComputeBoW begin
[RASPI_DEBUG] ProcessNewKeyFrame: ComputeBoW end
[RASPI_DEBUG] ProcessNewKeyFrame: map point matches=1504
[RASPI_DEBUG] ProcessNewKeyFrame: observations end
[RASPI_DEBUG] ProcessNewKeyFrame: UpdateConnections begin
[RASPI_DEBUG] ProcessNewKeyFrame: UpdateConnections end
[RASPI_DEBUG] ProcessNewKeyFrame: AddKeyFrame begin
[RASPI_DEBUG] ProcessNewKeyFrame: AddKeyFrame end
[RASPI_DEBUG] LocalMapping: ProcessNewKeyFrame end
[RASPI_DEBUG] LocalMapping: MapPointCulling begin
[RASPI_DEBUG] LocalMapping: MapPointCulling end
[RASPI_DEBUG] LocalMapping: CreateNewMapPoints begin
[RASPI_DEBUG] LocalMapping: CreateNewMapPoints end
[RASPI_DEBUG] LocalMapping: SearchInNeighbors begin
[RASPI_DEBUG] LocalMapping: SearchInNeighbors end
[RASPI_DEBUG] LocalMapping: optimization block begin
[RASPI_DEBUG] LocalMapping: IMU initialization disabled by default window=5.2656710147857666 kfs=21 set RASPI_ORBSLAM3_ENABLE_IMU_INIT=1 to experiment
[RASPI_DEBUG] LocalMapping: optimization block end
[RASPI_DEBUG] LocalMapping: ProcessNewKeyFrame begin
[RASPI_DEBUG] ProcessNewKeyFrame: popped KF id=29 frame=462 ts=15.397123098373413
[RASPI_DEBUG] ProcessNewKeyFrame: ComputeBoW begin
[RASPI_DEBUG] ProcessNewKeyFrame: ComputeBoW end
[RASPI_DEBUG] ProcessNewKeyFrame: map point matches=1507
[RASPI_DEBUG] ProcessNewKeyFrame: observations end
[RASPI_DEBUG] ProcessNewKeyFrame: UpdateConnections begin
[RASPI_DEBUG] ProcessNewKeyFrame: UpdateConnections end
[RASPI_DEBUG] ProcessNewKeyFrame: AddKeyFrame begin
[RASPI_DEBUG] ProcessNewKeyFrame: AddKeyFrame end
[RASPI_DEBUG] LocalMapping: ProcessNewKeyFrame end
[RASPI_DEBUG] LocalMapping: MapPointCulling begin
[RASPI_DEBUG] LocalMapping: MapPointCulling end
[RASPI_DEBUG] LocalMapping: CreateNewMapPoints begin
[RASPI_DEBUG] LocalMapping: CreateNewMapPoints end
[RASPI_DEBUG] LocalMapping: SearchInNeighbors begin
[RASPI_DEBUG] LocalMapping: SearchInNeighbors end
[RASPI_DEBUG] LocalMapping: optimization block begin
[RASPI_DEBUG] LocalMapping: IMU initialization disabled by default window=5.5322871208190918 kfs=22 set RASPI_ORBSLAM3_ENABLE_IMU_INIT=1 to experiment
[RASPI_DEBUG] LocalMapping: optimization block end
[RASPI_DEBUG] LocalMapping: ProcessNewKeyFrame begin
[RASPI_DEBUG] ProcessNewKeyFrame: popped KF id=30 frame=470 ts=15.663738012313843
[RASPI_DEBUG] ProcessNewKeyFrame: ComputeBoW begin
[RASPI_DEBUG] ProcessNewKeyFrame: ComputeBoW end
[RASPI_DEBUG] ProcessNewKeyFrame: map point matches=1505
[RASPI_DEBUG] ProcessNewKeyFrame: observations end
[RASPI_DEBUG] ProcessNewKeyFrame: UpdateConnections begin
[RASPI_DEBUG] ProcessNewKeyFrame: UpdateConnections end
[RASPI_DEBUG] ProcessNewKeyFrame: AddKeyFrame begin
[RASPI_DEBUG] ProcessNewKeyFrame: AddKeyFrame end
[RASPI_DEBUG] LocalMapping: ProcessNewKeyFrame end
[RASPI_DEBUG] LocalMapping: MapPointCulling begin
[RASPI_DEBUG] LocalMapping: MapPointCulling end
[RASPI_DEBUG] LocalMapping: CreateNewMapPoints begin
[RASPI_DEBUG] LocalMapping: CreateNewMapPoints end
[RASPI_DEBUG] LocalMapping: SearchInNeighbors begin
[RASPI_DEBUG] LocalMapping: SearchInNeighbors end
[RASPI_DEBUG] LocalMapping: optimization block begin
[RASPI_DEBUG] LocalMapping: IMU initialization disabled by default window=5.7989020347595215 kfs=22 set RASPI_ORBSLAM3_ENABLE_IMU_INIT=1 to experiment
[RASPI_DEBUG] LocalMapping: optimization block end
[RASPI_DEBUG] LocalMapping: ProcessNewKeyFrame begin
[RASPI_DEBUG] ProcessNewKeyFrame: popped KF id=31 frame=478 ts=15.930356979370117
[RASPI_DEBUG] ProcessNewKeyFrame: ComputeBoW begin
[RASPI_DEBUG] ProcessNewKeyFrame: ComputeBoW end
[RASPI_DEBUG] ProcessNewKeyFrame: map point matches=1507
[RASPI_DEBUG] ProcessNewKeyFrame: observations end
[RASPI_DEBUG] ProcessNewKeyFrame: UpdateConnections begin
[RASPI_DEBUG] ProcessNewKeyFrame: UpdateConnections end
[RASPI_DEBUG] ProcessNewKeyFrame: AddKeyFrame begin
[RASPI_DEBUG] ProcessNewKeyFrame: AddKeyFrame end
[RASPI_DEBUG] LocalMapping: ProcessNewKeyFrame end
[RASPI_DEBUG] LocalMapping: MapPointCulling begin
[RASPI_DEBUG] LocalMapping: MapPointCulling end
[RASPI_DEBUG] LocalMapping: CreateNewMapPoints begin
[RASPI_DEBUG] LocalMapping: CreateNewMapPoints end
[RASPI_DEBUG] LocalMapping: SearchInNeighbors begin
[RASPI_DEBUG] LocalMapping: SearchInNeighbors end
[RASPI_DEBUG] LocalMapping: optimization block begin
[RASPI_DEBUG] LocalMapping: IMU initialization disabled by default window=6.0655210018157959 kfs=22 set RASPI_ORBSLAM3_ENABLE_IMU_INIT=1 to experiment
[RASPI_DEBUG] LocalMapping: optimization block end
[RASPI_DEBUG] LocalMapping: ProcessNewKeyFrame begin
[RASPI_DEBUG] ProcessNewKeyFrame: popped KF id=32 frame=486 ts=16.196973085403442
[RASPI_DEBUG] ProcessNewKeyFrame: ComputeBoW begin
[RASPI_DEBUG] ProcessNewKeyFrame: ComputeBoW end
[RASPI_DEBUG] ProcessNewKeyFrame: map point matches=1505
[RASPI_DEBUG] ProcessNewKeyFrame: observations end
[RASPI_DEBUG] ProcessNewKeyFrame: UpdateConnections begin
[RASPI_DEBUG] ProcessNewKeyFrame: UpdateConnections end
[RASPI_DEBUG] ProcessNewKeyFrame: AddKeyFrame begin
[RASPI_DEBUG] ProcessNewKeyFrame: AddKeyFrame end
[RASPI_DEBUG] LocalMapping: ProcessNewKeyFrame end
[RASPI_DEBUG] LocalMapping: MapPointCulling begin
[RASPI_DEBUG] LocalMapping: MapPointCulling end
[RASPI_DEBUG] LocalMapping: CreateNewMapPoints begin
[RASPI_DEBUG] LocalMapping: CreateNewMapPoints end
[RASPI_DEBUG] LocalMapping: SearchInNeighbors begin
[RASPI_DEBUG] LocalMapping: SearchInNeighbors end
[RASPI_DEBUG] LocalMapping: optimization block begin
[RASPI_DEBUG] LocalMapping: IMU initialization disabled by default window=6.3321371078491211 kfs=22 set RASPI_ORBSLAM3_ENABLE_IMU_INIT=1 to experiment
[RASPI_DEBUG] LocalMapping: optimization block end
[RASPI_DEBUG] LocalMapping: ProcessNewKeyFrame begin
[RASPI_DEBUG] ProcessNewKeyFrame: popped KF id=33 frame=494 ts=16.463592052459717
[RASPI_DEBUG] ProcessNewKeyFrame: ComputeBoW begin
[RASPI_DEBUG] ProcessNewKeyFrame: ComputeBoW end
[RASPI_DEBUG] ProcessNewKeyFrame: map point matches=1509
[RASPI_DEBUG] ProcessNewKeyFrame: observations end
[RASPI_DEBUG] ProcessNewKeyFrame: UpdateConnections begin
[RASPI_DEBUG] ProcessNewKeyFrame: UpdateConnections end
[RASPI_DEBUG] ProcessNewKeyFrame: AddKeyFrame begin
[RASPI_DEBUG] ProcessNewKeyFrame: AddKeyFrame end
[RASPI_DEBUG] LocalMapping: ProcessNewKeyFrame end
[RASPI_DEBUG] LocalMapping: MapPointCulling begin
[RASPI_DEBUG] LocalMapping: MapPointCulling end
[RASPI_DEBUG] LocalMapping: CreateNewMapPoints begin
[RASPI_DEBUG] LocalMapping: CreateNewMapPoints end
[RASPI_DEBUG] LocalMapping: SearchInNeighbors begin
[RASPI_DEBUG] LocalMapping: SearchInNeighbors end
[RASPI_DEBUG] LocalMapping: optimization block begin
Shutdown
mpLocalMapper is not finished
mpLoopCloser is not finished
mpLocalMapper is not finished
[RASPI_DEBUG] LocalMapping: IMU initialization disabled by default window=6.5987560749053955 kfs=22 set RASPI_ORBSLAM3_ENABLE_IMU_INIT=1 to experiment
mpLocalMapper is not finished
[RASPI_DEBUG] LocalMapping: optimization block end

Saving camera trajectory to /workspace/session_20260610_112528/orbslam3_output/raspi_backendfix_500_traj.csv ...
There are 1 maps in the atlas
  Map 0 has 21 KFs

CSV camera trajectory saved!

Saving keyframe trajectory to /workspace/session_20260610_112528/orbslam3_output/raspi_backendfix_500_keyframes_tum.txt ...

TUM keyframe trajectory saved!
Exported 741 map points to /workspace/session_20260610_112528/orbslam3_output/raspi_backendfix_500_mappoints.ply
