
ORB-SLAM3 Copyright (C) 2017-2020 Carlos Campos, Richard Elvira, Juan J. Gómez, José M.M. Montiel and Juan D. Tardós, University of Zaragoza.
ORB-SLAM2 Copyright (C) 2014-2016 Raúl Mur-Artal, José M.M. Montiel and Juan D. Tardós, University of Zaragoza.
This program comes with ABSOLUTELY NO WARRANTY;
This is free software, and you are welcome to redistribute it
under certain conditions. See LICENSE.txt.

Input sensor was set to: Monocular-Inertial
Loading settings from /workspace/session_20260610_112528/orbslam3_output/raspi_imx219_mono_inertial_noisy_820x616.yaml
	-Loaded camera 1
	-Loaded image info
	-Loaded IMU calibration
	-Loaded ORB settings
	-Loaded viewer settings
	-Loaded Atlas settings
	-Loaded misc parameters
----------------------------------
SLAM settings: 
	-Camera 1 parameters (Kannala-Brandt): [ 203.583 203.286 415.452 309.098 -0.0119256 -0.00395131 0.000405187 -0.000302394 ]
	-Original image size: [ 820 , 616 ]
	-Current image size: [ 820 , 616 ]
	-Sequence FPS: 30
	-Gyro noise: 0.035
	-Accelerometer noise: 0.2
	-Gyro walk: 0.002
	-Accelerometer walk: 0.02
	-IMU frequency: 247
	-Features per image: 1500
	-ORB scale factor: 1.2
	-ORB number of scales: 8
	-Initial FAST threshold: 15
	-Min FAST threshold: 5


Loading ORB Vocabulary. This could take a while...
Vocabulary loaded!

Initialization of Atlas from scratch 
Creation of new map with id: 0
Creation of new map with last KF id: 0
There are 1 cameras in the atlas
Camera 0 is fisheye
Discard points further than 20 m from current camera
Video opened using backend FFMPEG
There are 2195 frames in total
video FPS 30
IMU samples 18293
Frame timestamps 2195 first_abs=1.78106e+09 first_rel=0 last_rel=73.1197
IMU first_rel=0 last_rel=73.2214
line 1873 keyframes 0MapPoints0
frame=0 t=0 imu_batch=0 tracking_state=1 lost_run=0
Empty IMU measurements vector!!!
init_success=0
 tag_init_success=0
init_success=0
 tag_init_success=0
init_success=0
 tag_init_success=0
init_success=0
 tag_init_success=0
init_success=0
 tag_init_success=0
init_success=0
 tag_init_success=0
init_success=0
 tag_init_success=0
init_success=0
 tag_init_success=0
init_success=0
 tag_init_success=0
init_success=0
 tag_init_success=0
Failed to init: n_keypoints 7475 time_since_init_frame0.33327007293701172
init_success=0
 tag_init_success=0
init_success=0
 tag_init_success=0
init_success=0
 tag_init_success=0
init_success=0
 tag_init_success=0
init_success=0
 tag_init_success=0
init_success=0
 tag_init_success=0
init_success=0
 tag_init_success=0
init_success=0
 tag_init_success=0
init_success=0
 tag_init_success=0
init_success=0
 tag_init_success=0
Failed to init: n_keypoints 7439 time_since_init_frame0.33327317237854004
init_success=0
 tag_init_success=0
init_success=0
 tag_init_success=0
init_success=0
 tag_init_success=0
init_success=0
 tag_init_success=0
init_success=0
 tag_init_success=0
init_success=0
 tag_init_success=0
init_success=0
 tag_init_success=0
init_success=0
 tag_init_success=0
init_success=0
 tag_init_success=0
init_success=0
 tag_init_success=0
Failed to init: n_keypoints 7442 time_since_init_frame0.3332679271697998
init_success=0
 tag_init_success=0
init_success=0
 tag_init_success=0
init_success=0
 tag_init_success=0
init_success=0
 tag_init_success=0
init_success=0
 tag_init_success=0
init_success=0
 tag_init_success=0
init_success=0
 tag_init_success=0
init_success=0
 tag_init_success=0
init_success=0
 tag_init_success=0
init_success=0
 tag_init_success=0
Failed to init: n_keypoints 7453 time_since_init_frame0.33327007293701172
init_success=0
 tag_init_success=0
init_success=0
 tag_init_success=0
init_success=0
 tag_init_success=0
init_success=0
 tag_init_success=0
init_success=0
 tag_init_success=0
init_success=0
 tag_init_success=0
init_success=0
 tag_init_success=0
init_success=0
 tag_init_success=0
init_success=0
 tag_init_success=0
init_success=0
 tag_init_success=0
Failed to init: n_keypoints 7450 time_since_init_frame0.33328390121459961
init_success=0
 tag_init_success=0
init_success=0
 tag_init_success=0
init_success=0
 tag_init_success=0
init_success=0
 tag_init_success=0
init_success=0
 tag_init_success=0
init_success=0
 tag_init_success=0
init_success=0
 tag_init_success=0
init_success=0
 tag_init_success=0
init_success=0
 tag_init_success=0
init_success=0
 tag_init_success=0
Failed to init: n_keypoints 7471 time_since_init_frame0.33326911926269531
init_success=0
 tag_init_success=0
init_success=0
 tag_init_success=0
init_success=0
 tag_init_success=0
init_success=0
 tag_init_success=0
init_success=0
 tag_init_success=0
init_success=0
 tag_init_success=0
init_success=0
 tag_init_success=0
init_success=0
 tag_init_success=0
init_success=0
 tag_init_success=0
init_success=0
 tag_init_success=0
Failed to init: n_keypoints 7462 time_since_init_frame0.33327293395996094
init_success=0
 tag_init_success=0
init_success=0
 tag_init_success=0
init_success=0
 tag_init_success=0
init_success=0
 tag_init_success=0
init_success=0
 tag_init_success=0
init_success=0
 tag_init_success=0
init_success=0
 tag_init_success=0
init_success=0
 tag_init_success=0
init_success=0
 tag_init_success=0
init_success=0
 tag_init_success=0
Failed to init: n_keypoints 7481 time_since_init_frame0.33327198028564453
init_success=0
 tag_init_success=0
init_success=0
 tag_init_success=0
init_success=0
 tag_init_success=0
init_success=0
 tag_init_success=0
frame=100 t=3.3327100276947021 imu_batch=8 tracking_state=1 lost_run=0
init_success=0
 tag_init_success=0
init_success=0
 tag_init_success=0
init_success=0
 tag_init_success=0
init_success=0
 tag_init_success=0
init_success=0
 tag_init_success=0
init_success=0
 tag_init_success=0
Failed to init: n_keypoints 7468 time_since_init_frame0.33326292037963867
init_success=0
 tag_init_success=0
init_success=0
 tag_init_success=0
init_success=0
 tag_init_success=0
init_success=0
 tag_init_success=0
init_success=0
 tag_init_success=0
init_success=0
 tag_init_success=0
init_success=0
 tag_init_success=0
init_success=0
 tag_init_success=0
init_success=0
 tag_init_success=0
init_success=0
 tag_init_success=0
Failed to init: n_keypoints 7441 time_since_init_frame0.33327293395996094
init_success=0
 tag_init_success=0
init_success=0
 tag_init_success=0
init_success=0
 tag_init_success=0
init_success=0
 tag_init_success=0
init_success=0
 tag_init_success=0
init_success=0
 tag_init_success=0
init_success=0
 tag_init_success=0
init_success=0
 tag_init_success=0
init_success=0
 tag_init_success=0
init_success=0
 tag_init_success=0
Failed to init: n_keypoints 7442 time_since_init_frame0.33327102661132812
init_success=0
 tag_init_success=0
init_success=0
 tag_init_success=0
init_success=0
 tag_init_success=0
init_success=0
 tag_init_success=0
init_success=0
 tag_init_success=0
init_success=0
 tag_init_success=0
init_success=0
 tag_init_success=0
init_success=0
 tag_init_success=0
init_success=0
 tag_init_success=0
init_success=0
 tag_init_success=0
Failed to init: n_keypoints 7454 time_since_init_frame0.33326005935668945
init_success=0
 tag_init_success=0
init_success=0
 tag_init_success=0
init_success=0
 tag_init_success=0
init_success=0
 tag_init_success=0
init_success=0
 tag_init_success=0
init_success=0
 tag_init_success=0
init_success=0
 tag_init_success=0
init_success=0
 tag_init_success=0
init_success=0
 tag_init_success=0
init_success=0
 tag_init_success=0
Failed to init: n_keypoints 7451 time_since_init_frame0.33325815200805664
init_success=0
 tag_init_success=0
init_success=0
 tag_init_success=0
init_success=0
 tag_init_success=0
init_success=0
 tag_init_success=0
init_success=0
 tag_init_success=0
init_success=0
 tag_init_success=0
init_success=0
 tag_init_success=0
init_success=0
 tag_init_success=0
init_success=0
 tag_init_success=0
init_success=0
 tag_init_success=0
Failed to init: n_keypoints 7468 time_since_init_frame0.33327102661132812
init_success=0
 tag_init_success=0
init_success=0
 tag_init_success=0
init_success=0
 tag_init_success=0
init_success=0
 tag_init_success=0
init_success=0
 tag_init_success=0
init_success=0
 tag_init_success=0
init_success=0
 tag_init_success=0
init_success=0
 tag_init_success=0
init_success=0
 tag_init_success=0
init_success=0
 tag_init_success=0
Failed to init: n_keypoints 7451 time_since_init_frame0.3332669734954834
init_success=0
 tag_init_success=0
init_success=0
 tag_init_success=0
init_success=0
 tag_init_success=0
init_success=0
 tag_init_success=0
init_success=0
 tag_init_success=0
init_success=0
 tag_init_success=0
init_success=0
 tag_init_success=0
init_success=0
 tag_init_success=0
init_success=0
 tag_init_success=0
init_success=0
 tag_init_success=0
Failed to init: n_keypoints 7453 time_since_init_frame0.33327293395996094
init_success=0
 tag_init_success=0
init_success=0
 tag_init_success=0
init_success=0
 tag_init_success=0
init_success=0
 tag_init_success=0
init_success=0
 tag_init_success=0
init_success=0
 tag_init_success=0
init_success=0
 tag_init_success=0
init_success=0
 tag_init_success=0
frame=200 t=6.6654250621795654 imu_batch=8 tracking_state=1 lost_run=0
init_success=0
 tag_init_success=0
init_success=0
 tag_init_success=0
Failed to init: n_keypoints 7438 time_since_init_frame0.33327198028564453
init_success=0
 tag_init_success=0
init_success=0
 tag_init_success=0
init_success=0
 tag_init_success=0
init_success=0
 tag_init_success=0
init_success=0
 tag_init_success=0
init_success=0
 tag_init_success=0
init_success=0
 tag_init_success=0
init_success=0
 tag_init_success=0
init_success=0
 tag_init_success=0
init_success=0
 tag_init_success=0
Failed to init: n_keypoints 7448 time_since_init_frame0.33327603340148926
init_success=0
 tag_init_success=0
init_success=0
 tag_init_success=0
init_success=0
 tag_init_success=0
init_success=1
First KF:0; Map init KF:0
New Map created with 238 points
[RASPI_DEBUG] Tracking: skipping initial GlobalBundleAdjustment
[RASPI_DEBUG] LocalMapping: ProcessNewKeyFrame begin
[RASPI_DEBUG] ProcessNewKeyFrame: popped KF id=0 frame=216 ts=7.1986520290374756
[RASPI_DEBUG] ProcessNewKeyFrame: ComputeBoW begin
[RASPI_DEBUG] ProcessNewKeyFrame: ComputeBoW end
[RASPI_DEBUG] ProcessNewKeyFrame: map point matches=7442
[RASPI_DEBUG] ProcessNewKeyFrame: observations end
[RASPI_DEBUG] ProcessNewKeyFrame: UpdateConnections begin
[RASPI_DEBUG] ProcessNewKeyFrame: UpdateConnections end
[RASPI_DEBUG] ProcessNewKeyFrame: AddKeyFrame begin
[RASPI_DEBUG] ProcessNewKeyFrame: AddKeyFrame end
[RASPI_DEBUG] LocalMapping: ProcessNewKeyFrame end
[RASPI_DEBUG] LocalMapping: MapPointCulling begin
[RASPI_DEBUG] LocalMapping: MapPointCulling end
[RASPI_DEBUG] LocalMapping: CreateNewMapPoints begin
[RASPI_DEBUG] LocalMapping: CreateNewMapPoints end
[RASPI_DEBUG] LocalMapping: skipping LoopClosing InsertKeyFrame
[RASPI_DEBUG] LocalMapping: ProcessNewKeyFrame begin
[RASPI_DEBUG] ProcessNewKeyFrame: popped KF id=1 frame=220 ts=7.331963062286377
[RASPI_DEBUG] ProcessNewKeyFrame: ComputeBoW begin
[RASPI_DEBUG] ProcessNewKeyFrame: ComputeBoW end
[RASPI_DEBUG] ProcessNewKeyFrame: map point matches=7472
[RASPI_DEBUG] ProcessNewKeyFrame: observations end
[RASPI_DEBUG] ProcessNewKeyFrame: UpdateConnections begin
[RASPI_DEBUG] ProcessNewKeyFrame: UpdateConnections end
[RASPI_DEBUG] ProcessNewKeyFrame: AddKeyFrame begin
[RASPI_DEBUG] ProcessNewKeyFrame: AddKeyFrame end
[RASPI_DEBUG] LocalMapping: ProcessNewKeyFrame end
[RASPI_DEBUG] LocalMapping: MapPointCulling begin
[RASPI_DEBUG] LocalMapping: MapPointCulling end
[RASPI_DEBUG] LocalMapping: CreateNewMapPoints begin
[RASPI_DEBUG] LocalMapping: CreateNewMapPoints end
[RASPI_DEBUG] LocalMapping: SearchInNeighbors begin
[RASPI_DEBUG] LocalMapping: SearchInNeighbors end
[RASPI_DEBUG] LocalMapping: optimization block begin
[RASPI_DEBUG] LocalMapping: IMU initialization disabled by default window=0.13331103324890137 kfs=2 set RASPI_ORBSLAM3_ENABLE_IMU_INIT=1 to experiment
[RASPI_DEBUG] LocalMapping: skipping KeyFrameCulling
[RASPI_DEBUG] LocalMapping: optimization block end
[RASPI_DEBUG] LocalMapping: skipping LoopClosing InsertKeyFrame
[RASPI_DEBUG] LocalMapping: ProcessNewKeyFrame begin
[RASPI_DEBUG] ProcessNewKeyFrame: popped KF id=2 frame=228 ts=7.598578929901123
[RASPI_DEBUG] ProcessNewKeyFrame: ComputeBoW begin
[RASPI_DEBUG] ProcessNewKeyFrame: ComputeBoW end
[RASPI_DEBUG] ProcessNewKeyFrame: map point matches=1507
[RASPI_DEBUG] ProcessNewKeyFrame: observations end
[RASPI_DEBUG] ProcessNewKeyFrame: UpdateConnections begin
[RASPI_DEBUG] ProcessNewKeyFrame: UpdateConnections end
[RASPI_DEBUG] ProcessNewKeyFrame: AddKeyFrame begin
[RASPI_DEBUG] ProcessNewKeyFrame: AddKeyFrame end
[RASPI_DEBUG] LocalMapping: ProcessNewKeyFrame end
[RASPI_DEBUG] LocalMapping: MapPointCulling begin
[RASPI_DEBUG] LocalMapping: MapPointCulling end
[RASPI_DEBUG] LocalMapping: CreateNewMapPoints begin
[RASPI_DEBUG] LocalMapping: CreateNewMapPoints end
[RASPI_DEBUG] LocalMapping: SearchInNeighbors begin
[RASPI_DEBUG] LocalMapping: SearchInNeighbors end
[RASPI_DEBUG] LocalMapping: optimization block begin
[RASPI_DEBUG] LocalMapping: skipping LocalBundleAdjustment
[RASPI_DEBUG] LocalMapping: IMU initialization disabled by default window=0.39992690086364746 kfs=3 set RASPI_ORBSLAM3_ENABLE_IMU_INIT=1 to experiment
[RASPI_DEBUG] LocalMapping: skipping KeyFrameCulling
[RASPI_DEBUG] LocalMapping: optimization block end
[RASPI_DEBUG] LocalMapping: skipping LoopClosing InsertKeyFrame
[RASPI_DEBUG] LocalMapping: ProcessNewKeyFrame begin
[RASPI_DEBUG] ProcessNewKeyFrame: popped KF id=3 frame=236 ts=7.8651940822601318
[RASPI_DEBUG] ProcessNewKeyFrame: ComputeBoW begin
[RASPI_DEBUG] ProcessNewKeyFrame: ComputeBoW end
[RASPI_DEBUG] ProcessNewKeyFrame: map point matches=1509
[RASPI_DEBUG] ProcessNewKeyFrame: observations end
[RASPI_DEBUG] ProcessNewKeyFrame: UpdateConnections begin
[RASPI_DEBUG] ProcessNewKeyFrame: UpdateConnections end
[RASPI_DEBUG] ProcessNewKeyFrame: AddKeyFrame begin
[RASPI_DEBUG] ProcessNewKeyFrame: AddKeyFrame end
[RASPI_DEBUG] LocalMapping: ProcessNewKeyFrame end
[RASPI_DEBUG] LocalMapping: MapPointCulling begin
[RASPI_DEBUG] LocalMapping: MapPointCulling end
[RASPI_DEBUG] LocalMapping: CreateNewMapPoints begin
[RASPI_DEBUG] LocalMapping: CreateNewMapPoints end
[RASPI_DEBUG] LocalMapping: SearchInNeighbors begin
[RASPI_DEBUG] LocalMapping: SearchInNeighbors end
[RASPI_DEBUG] LocalMapping: optimization block begin
[RASPI_DEBUG] LocalMapping: skipping LocalBundleAdjustment
[RASPI_DEBUG] LocalMapping: IMU initialization disabled by default window=0.66654205322265625 kfs=4 set RASPI_ORBSLAM3_ENABLE_IMU_INIT=1 to experiment
[RASPI_DEBUG] LocalMapping: skipping KeyFrameCulling
[RASPI_DEBUG] LocalMapping: optimization block end
[RASPI_DEBUG] LocalMapping: skipping LoopClosing InsertKeyFrame
[RASPI_DEBUG] LocalMapping: ProcessNewKeyFrame begin
[RASPI_DEBUG] ProcessNewKeyFrame: popped KF id=4 frame=244 ts=8.1318089962005615
[RASPI_DEBUG] ProcessNewKeyFrame: ComputeBoW begin
[RASPI_DEBUG] ProcessNewKeyFrame: ComputeBoW end
[RASPI_DEBUG] ProcessNewKeyFrame: map point matches=1502
[RASPI_DEBUG] ProcessNewKeyFrame: observations end
[RASPI_DEBUG] ProcessNewKeyFrame: UpdateConnections begin
[RASPI_DEBUG] ProcessNewKeyFrame: UpdateConnections end
[RASPI_DEBUG] ProcessNewKeyFrame: AddKeyFrame begin
[RASPI_DEBUG] ProcessNewKeyFrame: AddKeyFrame end
[RASPI_DEBUG] LocalMapping: ProcessNewKeyFrame end
[RASPI_DEBUG] LocalMapping: MapPointCulling begin
[RASPI_DEBUG] LocalMapping: MapPointCulling end
[RASPI_DEBUG] LocalMapping: CreateNewMapPoints begin
[RASPI_DEBUG] LocalMapping: CreateNewMapPoints end
[RASPI_DEBUG] LocalMapping: SearchInNeighbors begin
[RASPI_DEBUG] LocalMapping: SearchInNeighbors end
[RASPI_DEBUG] LocalMapping: optimization block begin
[RASPI_DEBUG] LocalMapping: skipping LocalBundleAdjustment
[RASPI_DEBUG] LocalMapping: IMU initialization disabled by default window=0.93315696716308594 kfs=5 set RASPI_ORBSLAM3_ENABLE_IMU_INIT=1 to experiment
[RASPI_DEBUG] LocalMapping: skipping KeyFrameCulling
[RASPI_DEBUG] LocalMapping: optimization block end
[RASPI_DEBUG] LocalMapping: skipping LoopClosing InsertKeyFrame
[RASPI_DEBUG] LocalMapping: ProcessNewKeyFrame begin
[RASPI_DEBUG] ProcessNewKeyFrame: popped KF id=5 frame=252 ts=8.3984310626983643
[RASPI_DEBUG] ProcessNewKeyFrame: ComputeBoW begin
[RASPI_DEBUG] ProcessNewKeyFrame: ComputeBoW end
[RASPI_DEBUG] ProcessNewKeyFrame: map point matches=1506
[RASPI_DEBUG] ProcessNewKeyFrame: observations end
[RASPI_DEBUG] ProcessNewKeyFrame: UpdateConnections begin
[RASPI_DEBUG] ProcessNewKeyFrame: UpdateConnections end
[RASPI_DEBUG] ProcessNewKeyFrame: AddKeyFrame begin
[RASPI_DEBUG] ProcessNewKeyFrame: AddKeyFrame end
[RASPI_DEBUG] LocalMapping: ProcessNewKeyFrame end
[RASPI_DEBUG] LocalMapping: MapPointCulling begin
[RASPI_DEBUG] LocalMapping: MapPointCulling end
[RASPI_DEBUG] LocalMapping: CreateNewMapPoints begin
[RASPI_DEBUG] LocalMapping: CreateNewMapPoints end
[RASPI_DEBUG] LocalMapping: SearchInNeighbors begin
[RASPI_DEBUG] LocalMapping: SearchInNeighbors end
[RASPI_DEBUG] LocalMapping: optimization block begin
[RASPI_DEBUG] LocalMapping: skipping LocalBundleAdjustment
[RASPI_DEBUG] LocalMapping: IMU initialization disabled by default window=1.1997790336608887 kfs=6 set RASPI_ORBSLAM3_ENABLE_IMU_INIT=1 to experiment
[RASPI_DEBUG] LocalMapping: skipping KeyFrameCulling
[RASPI_DEBUG] LocalMapping: optimization block end
[RASPI_DEBUG] LocalMapping: skipping LoopClosing InsertKeyFrame
[RASPI_DEBUG] LocalMapping: ProcessNewKeyFrame begin
[RASPI_DEBUG] ProcessNewKeyFrame: popped KF id=6 frame=260 ts=8.6650478839874268
[RASPI_DEBUG] ProcessNewKeyFrame: ComputeBoW begin
[RASPI_DEBUG] ProcessNewKeyFrame: ComputeBoW end
[RASPI_DEBUG] ProcessNewKeyFrame: map point matches=1508
[RASPI_DEBUG] ProcessNewKeyFrame: observations end
[RASPI_DEBUG] ProcessNewKeyFrame: UpdateConnections begin
[RASPI_DEBUG] ProcessNewKeyFrame: UpdateConnections end
[RASPI_DEBUG] ProcessNewKeyFrame: AddKeyFrame begin
[RASPI_DEBUG] ProcessNewKeyFrame: AddKeyFrame end
[RASPI_DEBUG] LocalMapping: ProcessNewKeyFrame end
[RASPI_DEBUG] LocalMapping: MapPointCulling begin
[RASPI_DEBUG] LocalMapping: MapPointCulling end
[RASPI_DEBUG] LocalMapping: CreateNewMapPoints begin
[RASPI_DEBUG] LocalMapping: CreateNewMapPoints end
[RASPI_DEBUG] LocalMapping: SearchInNeighbors begin
[RASPI_DEBUG] LocalMapping: SearchInNeighbors end
[RASPI_DEBUG] LocalMapping: optimization block begin
[RASPI_DEBUG] LocalMapping: skipping LocalBundleAdjustment
[RASPI_DEBUG] LocalMapping: IMU initialization disabled by default window=1.4663958549499512 kfs=7 set RASPI_ORBSLAM3_ENABLE_IMU_INIT=1 to experiment
[RASPI_DEBUG] LocalMapping: skipping KeyFrameCulling
[RASPI_DEBUG] LocalMapping: optimization block end
[RASPI_DEBUG] LocalMapping: skipping LoopClosing InsertKeyFrame
[RASPI_DEBUG] LocalMapping: ProcessNewKeyFrame begin
[RASPI_DEBUG] ProcessNewKeyFrame: popped KF id=7 frame=268 ts=8.9316630363464355
[RASPI_DEBUG] ProcessNewKeyFrame: ComputeBoW begin
[RASPI_DEBUG] ProcessNewKeyFrame: ComputeBoW end
[RASPI_DEBUG] ProcessNewKeyFrame: map point matches=1506
[RASPI_DEBUG] ProcessNewKeyFrame: observations end
[RASPI_DEBUG] ProcessNewKeyFrame: UpdateConnections begin
[RASPI_DEBUG] ProcessNewKeyFrame: UpdateConnections end
[RASPI_DEBUG] ProcessNewKeyFrame: AddKeyFrame begin
[RASPI_DEBUG] ProcessNewKeyFrame: AddKeyFrame end
[RASPI_DEBUG] LocalMapping: ProcessNewKeyFrame end
[RASPI_DEBUG] LocalMapping: MapPointCulling begin
[RASPI_DEBUG] LocalMapping: MapPointCulling end
[RASPI_DEBUG] LocalMapping: CreateNewMapPoints begin
[RASPI_DEBUG] LocalMapping: CreateNewMapPoints end
[RASPI_DEBUG] LocalMapping: SearchInNeighbors begin
[RASPI_DEBUG] LocalMapping: SearchInNeighbors end
[RASPI_DEBUG] LocalMapping: optimization block begin
[RASPI_DEBUG] LocalMapping: skipping LocalBundleAdjustment
[RASPI_DEBUG] LocalMapping: IMU initialization disabled by default window=1.73301100730896 kfs=8 set RASPI_ORBSLAM3_ENABLE_IMU_INIT=1 to experiment
[RASPI_DEBUG] LocalMapping: skipping KeyFrameCulling
[RASPI_DEBUG] LocalMapping: optimization block end
[RASPI_DEBUG] LocalMapping: skipping LoopClosing InsertKeyFrame
[RASPI_DEBUG] LocalMapping: ProcessNewKeyFrame begin
[RASPI_DEBUG] ProcessNewKeyFrame: popped KF id=8 frame=276 ts=9.1982800960540771
[RASPI_DEBUG] ProcessNewKeyFrame: ComputeBoW begin
[RASPI_DEBUG] ProcessNewKeyFrame: ComputeBoW end
[RASPI_DEBUG] ProcessNewKeyFrame: map point matches=1507
[RASPI_DEBUG] ProcessNewKeyFrame: observations end
[RASPI_DEBUG] ProcessNewKeyFrame: UpdateConnections begin
[RASPI_DEBUG] ProcessNewKeyFrame: UpdateConnections end
[RASPI_DEBUG] ProcessNewKeyFrame: AddKeyFrame begin
[RASPI_DEBUG] ProcessNewKeyFrame: AddKeyFrame end
[RASPI_DEBUG] LocalMapping: ProcessNewKeyFrame end
[RASPI_DEBUG] LocalMapping: MapPointCulling begin
[RASPI_DEBUG] LocalMapping: MapPointCulling end
[RASPI_DEBUG] LocalMapping: CreateNewMapPoints begin
[RASPI_DEBUG] LocalMapping: CreateNewMapPoints end
[RASPI_DEBUG] LocalMapping: SearchInNeighbors begin
[RASPI_DEBUG] LocalMapping: SearchInNeighbors end
[RASPI_DEBUG] LocalMapping: optimization block begin
[RASPI_DEBUG] LocalMapping: skipping LocalBundleAdjustment
[RASPI_DEBUG] LocalMapping: IMU initialization disabled by default window=1.9996280670166016 kfs=9 set RASPI_ORBSLAM3_ENABLE_IMU_INIT=1 to experiment
[RASPI_DEBUG] LocalMapping: skipping KeyFrameCulling
[RASPI_DEBUG] LocalMapping: optimization block end
[RASPI_DEBUG] LocalMapping: skipping LoopClosing InsertKeyFrame
[RASPI_DEBUG] LocalMapping: ProcessNewKeyFrame begin
[RASPI_DEBUG] ProcessNewKeyFrame: popped KF id=9 frame=284 ts=9.4648969173431396
[RASPI_DEBUG] ProcessNewKeyFrame: ComputeBoW begin
[RASPI_DEBUG] ProcessNewKeyFrame: ComputeBoW end
[RASPI_DEBUG] ProcessNewKeyFrame: map point matches=1506
[RASPI_DEBUG] ProcessNewKeyFrame: observations end
[RASPI_DEBUG] ProcessNewKeyFrame: UpdateConnections begin
[RASPI_DEBUG] ProcessNewKeyFrame: UpdateConnections end
[RASPI_DEBUG] ProcessNewKeyFrame: AddKeyFrame begin
[RASPI_DEBUG] ProcessNewKeyFrame: AddKeyFrame end
[RASPI_DEBUG] LocalMapping: ProcessNewKeyFrame end
[RASPI_DEBUG] LocalMapping: MapPointCulling begin
[RASPI_DEBUG] LocalMapping: MapPointCulling end
[RASPI_DEBUG] LocalMapping: CreateNewMapPoints begin
[RASPI_DEBUG] LocalMapping: CreateNewMapPoints end
[RASPI_DEBUG] LocalMapping: SearchInNeighbors begin
[RASPI_DEBUG] LocalMapping: SearchInNeighbors end
[RASPI_DEBUG] LocalMapping: optimization block begin
[RASPI_DEBUG] LocalMapping: skipping LocalBundleAdjustment
[RASPI_DEBUG] LocalMapping: IMU initialization disabled by default window=2.2662448883056641 kfs=10 set RASPI_ORBSLAM3_ENABLE_IMU_INIT=1 to experiment
[RASPI_DEBUG] LocalMapping: skipping KeyFrameCulling
[RASPI_DEBUG] LocalMapping: optimization block end
[RASPI_DEBUG] LocalMapping: skipping LoopClosing InsertKeyFrame
[RASPI_DEBUG] LocalMapping: ProcessNewKeyFrame begin
[RASPI_DEBUG] ProcessNewKeyFrame: popped KF id=10 frame=292 ts=9.7315139770507812
[RASPI_DEBUG] ProcessNewKeyFrame: ComputeBoW begin
[RASPI_DEBUG] ProcessNewKeyFrame: ComputeBoW end
[RASPI_DEBUG] ProcessNewKeyFrame: map point matches=1506
[RASPI_DEBUG] ProcessNewKeyFrame: observations end
[RASPI_DEBUG] ProcessNewKeyFrame: UpdateConnections begin
[RASPI_DEBUG] ProcessNewKeyFrame: UpdateConnections end
[RASPI_DEBUG] ProcessNewKeyFrame: AddKeyFrame begin
[RASPI_DEBUG] ProcessNewKeyFrame: AddKeyFrame end
[RASPI_DEBUG] LocalMapping: ProcessNewKeyFrame end
[RASPI_DEBUG] LocalMapping: MapPointCulling begin
[RASPI_DEBUG] LocalMapping: MapPointCulling end
[RASPI_DEBUG] LocalMapping: CreateNewMapPoints begin
[RASPI_DEBUG] LocalMapping: CreateNewMapPoints end
[RASPI_DEBUG] LocalMapping: SearchInNeighbors begin
[RASPI_DEBUG] LocalMapping: SearchInNeighbors end
[RASPI_DEBUG] LocalMapping: optimization block begin
[RASPI_DEBUG] LocalMapping: skipping LocalBundleAdjustment
[RASPI_DEBUG] LocalMapping: IMU initialization disabled by default window=2.5328619480133057 kfs=11 set RASPI_ORBSLAM3_ENABLE_IMU_INIT=1 to experiment
[RASPI_DEBUG] LocalMapping: skipping KeyFrameCulling
[RASPI_DEBUG] LocalMapping: optimization block end
[RASPI_DEBUG] LocalMapping: skipping LoopClosing InsertKeyFrame
frame=300 t=9.9981310367584229 imu_batch=8 tracking_state=2 lost_run=0
[RASPI_DEBUG] LocalMapping: ProcessNewKeyFrame begin
[RASPI_DEBUG] ProcessNewKeyFrame: popped KF id=11 frame=300 ts=9.9981310367584229
[RASPI_DEBUG] ProcessNewKeyFrame: ComputeBoW begin
[RASPI_DEBUG] ProcessNewKeyFrame: ComputeBoW end
[RASPI_DEBUG] ProcessNewKeyFrame: map point matches=1506
[RASPI_DEBUG] ProcessNewKeyFrame: observations end
[RASPI_DEBUG] ProcessNewKeyFrame: UpdateConnections begin
[RASPI_DEBUG] ProcessNewKeyFrame: UpdateConnections end
[RASPI_DEBUG] ProcessNewKeyFrame: AddKeyFrame begin
[RASPI_DEBUG] ProcessNewKeyFrame: AddKeyFrame end
[RASPI_DEBUG] LocalMapping: ProcessNewKeyFrame end
[RASPI_DEBUG] LocalMapping: MapPointCulling begin
[RASPI_DEBUG] LocalMapping: MapPointCulling end
[RASPI_DEBUG] LocalMapping: CreateNewMapPoints begin
[RASPI_DEBUG] LocalMapping: CreateNewMapPoints end
[RASPI_DEBUG] LocalMapping: SearchInNeighbors begin
[RASPI_DEBUG] LocalMapping: SearchInNeighbors end
[RASPI_DEBUG] LocalMapping: optimization block begin
[RASPI_DEBUG] LocalMapping: skipping LocalBundleAdjustment
[RASPI_DEBUG] LocalMapping: IMU initialization disabled by default window=2.7994790077209473 kfs=12 set RASPI_ORBSLAM3_ENABLE_IMU_INIT=1 to experiment
[RASPI_DEBUG] LocalMapping: skipping KeyFrameCulling
[RASPI_DEBUG] LocalMapping: optimization block end
[RASPI_DEBUG] LocalMapping: skipping LoopClosing InsertKeyFrame
[RASPI_DEBUG] LocalMapping: ProcessNewKeyFrame begin
[RASPI_DEBUG] ProcessNewKeyFrame: popped KF id=12 frame=308 ts=10.264769077301025
[RASPI_DEBUG] ProcessNewKeyFrame: ComputeBoW begin
[RASPI_DEBUG] ProcessNewKeyFrame: ComputeBoW end
[RASPI_DEBUG] ProcessNewKeyFrame: map point matches=1507
[RASPI_DEBUG] ProcessNewKeyFrame: observations end
[RASPI_DEBUG] ProcessNewKeyFrame: UpdateConnections begin
[RASPI_DEBUG] ProcessNewKeyFrame: UpdateConnections end
[RASPI_DEBUG] ProcessNewKeyFrame: AddKeyFrame begin
[RASPI_DEBUG] ProcessNewKeyFrame: AddKeyFrame end
[RASPI_DEBUG] LocalMapping: ProcessNewKeyFrame end
[RASPI_DEBUG] LocalMapping: MapPointCulling begin
[RASPI_DEBUG] LocalMapping: MapPointCulling end
[RASPI_DEBUG] LocalMapping: CreateNewMapPoints begin
[RASPI_DEBUG] LocalMapping: CreateNewMapPoints end
[RASPI_DEBUG] LocalMapping: SearchInNeighbors begin
[RASPI_DEBUG] LocalMapping: SearchInNeighbors end
[RASPI_DEBUG] LocalMapping: optimization block begin
[RASPI_DEBUG] LocalMapping: skipping LocalBundleAdjustment
[RASPI_DEBUG] LocalMapping: IMU initialization disabled by default window=3.0661170482635498 kfs=13 set RASPI_ORBSLAM3_ENABLE_IMU_INIT=1 to experiment
[RASPI_DEBUG] LocalMapping: skipping KeyFrameCulling
[RASPI_DEBUG] LocalMapping: optimization block end
[RASPI_DEBUG] LocalMapping: skipping LoopClosing InsertKeyFrame
[RASPI_DEBUG] LocalMapping: ProcessNewKeyFrame begin
[RASPI_DEBUG] ProcessNewKeyFrame: popped KF id=13 frame=316 ts=10.531368017196655
[RASPI_DEBUG] ProcessNewKeyFrame: ComputeBoW begin
[RASPI_DEBUG] ProcessNewKeyFrame: ComputeBoW end
[RASPI_DEBUG] ProcessNewKeyFrame: map point matches=1508
[RASPI_DEBUG] ProcessNewKeyFrame: observations end
[RASPI_DEBUG] ProcessNewKeyFrame: UpdateConnections begin
[RASPI_DEBUG] ProcessNewKeyFrame: UpdateConnections end
[RASPI_DEBUG] ProcessNewKeyFrame: AddKeyFrame begin
[RASPI_DEBUG] ProcessNewKeyFrame: AddKeyFrame end
[RASPI_DEBUG] LocalMapping: ProcessNewKeyFrame end
[RASPI_DEBUG] LocalMapping: MapPointCulling begin
[RASPI_DEBUG] LocalMapping: MapPointCulling end
[RASPI_DEBUG] LocalMapping: CreateNewMapPoints begin
[RASPI_DEBUG] LocalMapping: CreateNewMapPoints end
[RASPI_DEBUG] LocalMapping: SearchInNeighbors begin
[RASPI_DEBUG] LocalMapping: SearchInNeighbors end
[RASPI_DEBUG] LocalMapping: optimization block begin
[RASPI_DEBUG] LocalMapping: skipping LocalBundleAdjustment
[RASPI_DEBUG] LocalMapping: IMU initialization disabled by default window=3.3327159881591797 kfs=14 set RASPI_ORBSLAM3_ENABLE_IMU_INIT=1 to experiment
[RASPI_DEBUG] LocalMapping: skipping KeyFrameCulling
[RASPI_DEBUG] LocalMapping: optimization block end
[RASPI_DEBUG] LocalMapping: skipping LoopClosing InsertKeyFrame
[RASPI_DEBUG] LocalMapping: ProcessNewKeyFrame begin
[RASPI_DEBUG] ProcessNewKeyFrame: popped KF id=14 frame=324 ts=10.797980070114136
[RASPI_DEBUG] ProcessNewKeyFrame: ComputeBoW begin
[RASPI_DEBUG] ProcessNewKeyFrame: ComputeBoW end
[RASPI_DEBUG] ProcessNewKeyFrame: map point matches=1507
[RASPI_DEBUG] ProcessNewKeyFrame: observations end
[RASPI_DEBUG] ProcessNewKeyFrame: UpdateConnections begin
[RASPI_DEBUG] ProcessNewKeyFrame: UpdateConnections end
[RASPI_DEBUG] ProcessNewKeyFrame: AddKeyFrame begin
[RASPI_DEBUG] ProcessNewKeyFrame: AddKeyFrame end
[RASPI_DEBUG] LocalMapping: ProcessNewKeyFrame end
[RASPI_DEBUG] LocalMapping: MapPointCulling begin
[RASPI_DEBUG] LocalMapping: MapPointCulling end
[RASPI_DEBUG] LocalMapping: CreateNewMapPoints begin
[RASPI_DEBUG] LocalMapping: CreateNewMapPoints end
[RASPI_DEBUG] LocalMapping: SearchInNeighbors begin
[RASPI_DEBUG] LocalMapping: SearchInNeighbors end
[RASPI_DEBUG] LocalMapping: optimization block begin
[RASPI_DEBUG] LocalMapping: skipping LocalBundleAdjustment
[RASPI_DEBUG] LocalMapping: IMU initialization disabled by default window=3.5993280410766602 kfs=15 set RASPI_ORBSLAM3_ENABLE_IMU_INIT=1 to experiment
[RASPI_DEBUG] LocalMapping: skipping KeyFrameCulling
[RASPI_DEBUG] LocalMapping: optimization block end
[RASPI_DEBUG] LocalMapping: skipping LoopClosing InsertKeyFrame
[RASPI_DEBUG] LocalMapping: ProcessNewKeyFrame begin
[RASPI_DEBUG] ProcessNewKeyFrame: popped KF id=15 frame=332 ts=11.064600944519043
[RASPI_DEBUG] ProcessNewKeyFrame: ComputeBoW begin
[RASPI_DEBUG] ProcessNewKeyFrame: ComputeBoW end
[RASPI_DEBUG] ProcessNewKeyFrame: map point matches=1508
[RASPI_DEBUG] ProcessNewKeyFrame: observations end
[RASPI_DEBUG] ProcessNewKeyFrame: UpdateConnections begin
[RASPI_DEBUG] ProcessNewKeyFrame: UpdateConnections end
[RASPI_DEBUG] ProcessNewKeyFrame: AddKeyFrame begin
[RASPI_DEBUG] ProcessNewKeyFrame: AddKeyFrame end
[RASPI_DEBUG] LocalMapping: ProcessNewKeyFrame end
[RASPI_DEBUG] LocalMapping: MapPointCulling begin
[RASPI_DEBUG] LocalMapping: MapPointCulling end
[RASPI_DEBUG] LocalMapping: CreateNewMapPoints begin
[RASPI_DEBUG] LocalMapping: CreateNewMapPoints end
[RASPI_DEBUG] LocalMapping: SearchInNeighbors begin
[RASPI_DEBUG] LocalMapping: SearchInNeighbors end
[RASPI_DEBUG] LocalMapping: optimization block begin
[RASPI_DEBUG] LocalMapping: skipping LocalBundleAdjustment
[RASPI_DEBUG] LocalMapping: IMU initialization disabled by default window=3.8659489154815674 kfs=16 set RASPI_ORBSLAM3_ENABLE_IMU_INIT=1 to experiment
[RASPI_DEBUG] LocalMapping: skipping KeyFrameCulling
[RASPI_DEBUG] LocalMapping: optimization block end
[RASPI_DEBUG] LocalMapping: skipping LoopClosing InsertKeyFrame
[RASPI_DEBUG] LocalMapping: ProcessNewKeyFrame begin
[RASPI_DEBUG] ProcessNewKeyFrame: popped KF id=16 frame=340 ts=11.331212997436523
[RASPI_DEBUG] ProcessNewKeyFrame: ComputeBoW begin
[RASPI_DEBUG] ProcessNewKeyFrame: ComputeBoW end
[RASPI_DEBUG] ProcessNewKeyFrame: map point matches=1503
[RASPI_DEBUG] ProcessNewKeyFrame: observations end
[RASPI_DEBUG] ProcessNewKeyFrame: UpdateConnections begin
[RASPI_DEBUG] ProcessNewKeyFrame: UpdateConnections end
[RASPI_DEBUG] ProcessNewKeyFrame: AddKeyFrame begin
[RASPI_DEBUG] ProcessNewKeyFrame: AddKeyFrame end
[RASPI_DEBUG] LocalMapping: ProcessNewKeyFrame end
[RASPI_DEBUG] LocalMapping: MapPointCulling begin
[RASPI_DEBUG] LocalMapping: MapPointCulling end
[RASPI_DEBUG] LocalMapping: CreateNewMapPoints begin
[RASPI_DEBUG] LocalMapping: CreateNewMapPoints end
[RASPI_DEBUG] LocalMapping: SearchInNeighbors begin
[RASPI_DEBUG] LocalMapping: SearchInNeighbors end
[RASPI_DEBUG] LocalMapping: optimization block begin
[RASPI_DEBUG] LocalMapping: skipping LocalBundleAdjustment
[RASPI_DEBUG] LocalMapping: IMU initialization disabled by default window=4.1325609683990479 kfs=17 set RASPI_ORBSLAM3_ENABLE_IMU_INIT=1 to experiment
[RASPI_DEBUG] LocalMapping: skipping KeyFrameCulling
[RASPI_DEBUG] LocalMapping: optimization block end
[RASPI_DEBUG] LocalMapping: skipping LoopClosing InsertKeyFrame
[RASPI_DEBUG] LocalMapping: ProcessNewKeyFrame begin
[RASPI_DEBUG] ProcessNewKeyFrame: popped KF id=17 frame=348 ts=11.597836971282959
[RASPI_DEBUG] ProcessNewKeyFrame: ComputeBoW begin
[RASPI_DEBUG] ProcessNewKeyFrame: ComputeBoW end
[RASPI_DEBUG] ProcessNewKeyFrame: map point matches=1505
[RASPI_DEBUG] ProcessNewKeyFrame: observations end
[RASPI_DEBUG] ProcessNewKeyFrame: UpdateConnections begin
[RASPI_DEBUG] ProcessNewKeyFrame: UpdateConnections end
[RASPI_DEBUG] ProcessNewKeyFrame: AddKeyFrame begin
[RASPI_DEBUG] ProcessNewKeyFrame: AddKeyFrame end
[RASPI_DEBUG] LocalMapping: ProcessNewKeyFrame end
[RASPI_DEBUG] LocalMapping: MapPointCulling begin
[RASPI_DEBUG] LocalMapping: MapPointCulling end
[RASPI_DEBUG] LocalMapping: CreateNewMapPoints begin
[RASPI_DEBUG] LocalMapping: CreateNewMapPoints end
[RASPI_DEBUG] LocalMapping: SearchInNeighbors begin
[RASPI_DEBUG] LocalMapping: SearchInNeighbors end
[RASPI_DEBUG] LocalMapping: optimization block begin
[RASPI_DEBUG] LocalMapping: skipping LocalBundleAdjustment
[RASPI_DEBUG] LocalMapping: IMU initialization disabled by default window=4.3991849422454834 kfs=18 set RASPI_ORBSLAM3_ENABLE_IMU_INIT=1 to experiment
[RASPI_DEBUG] LocalMapping: skipping KeyFrameCulling
[RASPI_DEBUG] LocalMapping: optimization block end
[RASPI_DEBUG] LocalMapping: skipping LoopClosing InsertKeyFrame
[RASPI_DEBUG] LocalMapping: ProcessNewKeyFrame begin
[RASPI_DEBUG] ProcessNewKeyFrame: popped KF id=18 frame=356 ts=11.864453077316284
[RASPI_DEBUG] ProcessNewKeyFrame: ComputeBoW begin
[RASPI_DEBUG] ProcessNewKeyFrame: ComputeBoW end
[RASPI_DEBUG] ProcessNewKeyFrame: map point matches=1503
[RASPI_DEBUG] ProcessNewKeyFrame: observations end
[RASPI_DEBUG] ProcessNewKeyFrame: UpdateConnections begin
[RASPI_DEBUG] ProcessNewKeyFrame: UpdateConnections end
[RASPI_DEBUG] ProcessNewKeyFrame: AddKeyFrame begin
[RASPI_DEBUG] ProcessNewKeyFrame: AddKeyFrame end
[RASPI_DEBUG] LocalMapping: ProcessNewKeyFrame end
[RASPI_DEBUG] LocalMapping: MapPointCulling begin
[RASPI_DEBUG] LocalMapping: MapPointCulling end
[RASPI_DEBUG] LocalMapping: CreateNewMapPoints begin
[RASPI_DEBUG] LocalMapping: CreateNewMapPoints end
[RASPI_DEBUG] LocalMapping: SearchInNeighbors begin
[RASPI_DEBUG] LocalMapping: SearchInNeighbors end
[RASPI_DEBUG] LocalMapping: optimization block begin
[RASPI_DEBUG] LocalMapping: skipping LocalBundleAdjustment
[RASPI_DEBUG] LocalMapping: IMU initialization disabled by default window=4.6658010482788086 kfs=19 set RASPI_ORBSLAM3_ENABLE_IMU_INIT=1 to experiment
[RASPI_DEBUG] LocalMapping: skipping KeyFrameCulling
[RASPI_DEBUG] LocalMapping: optimization block end
[RASPI_DEBUG] LocalMapping: skipping LoopClosing InsertKeyFrame
[RASPI_DEBUG] LocalMapping: ProcessNewKeyFrame begin
[RASPI_DEBUG] ProcessNewKeyFrame: popped KF id=19 frame=364 ts=12.131071090698242
[RASPI_DEBUG] ProcessNewKeyFrame: ComputeBoW begin
[RASPI_DEBUG] ProcessNewKeyFrame: ComputeBoW end
[RASPI_DEBUG] ProcessNewKeyFrame: map point matches=1511
[RASPI_DEBUG] ProcessNewKeyFrame: observations end
[RASPI_DEBUG] ProcessNewKeyFrame: UpdateConnections begin
[RASPI_DEBUG] ProcessNewKeyFrame: UpdateConnections end
[RASPI_DEBUG] ProcessNewKeyFrame: AddKeyFrame begin
[RASPI_DEBUG] ProcessNewKeyFrame: AddKeyFrame end
[RASPI_DEBUG] LocalMapping: ProcessNewKeyFrame end
[RASPI_DEBUG] LocalMapping: MapPointCulling begin
[RASPI_DEBUG] LocalMapping: MapPointCulling end
[RASPI_DEBUG] LocalMapping: CreateNewMapPoints begin
[RASPI_DEBUG] LocalMapping: CreateNewMapPoints end
[RASPI_DEBUG] LocalMapping: SearchInNeighbors begin
[RASPI_DEBUG] LocalMapping: SearchInNeighbors end
[RASPI_DEBUG] LocalMapping: optimization block begin
[RASPI_DEBUG] LocalMapping: skipping LocalBundleAdjustment
[RASPI_DEBUG] LocalMapping: IMU initialization disabled by default window=4.9324190616607666 kfs=20 set RASPI_ORBSLAM3_ENABLE_IMU_INIT=1 to experiment
[RASPI_DEBUG] LocalMapping: skipping KeyFrameCulling
[RASPI_DEBUG] LocalMapping: optimization block end
[RASPI_DEBUG] LocalMapping: skipping LoopClosing InsertKeyFrame
[RASPI_DEBUG] LocalMapping: ProcessNewKeyFrame begin
[RASPI_DEBUG] ProcessNewKeyFrame: popped KF id=20 frame=372 ts=12.397682905197144
[RASPI_DEBUG] ProcessNewKeyFrame: ComputeBoW begin
[RASPI_DEBUG] ProcessNewKeyFrame: ComputeBoW end
[RASPI_DEBUG] ProcessNewKeyFrame: map point matches=1508
[RASPI_DEBUG] ProcessNewKeyFrame: observations end
[RASPI_DEBUG] ProcessNewKeyFrame: UpdateConnections begin
[RASPI_DEBUG] ProcessNewKeyFrame: UpdateConnections end
[RASPI_DEBUG] ProcessNewKeyFrame: AddKeyFrame begin
[RASPI_DEBUG] ProcessNewKeyFrame: AddKeyFrame end
[RASPI_DEBUG] LocalMapping: ProcessNewKeyFrame end
[RASPI_DEBUG] LocalMapping: MapPointCulling begin
[RASPI_DEBUG] LocalMapping: MapPointCulling end
[RASPI_DEBUG] LocalMapping: CreateNewMapPoints begin
[RASPI_DEBUG] LocalMapping: CreateNewMapPoints end
[RASPI_DEBUG] LocalMapping: SearchInNeighbors begin
[RASPI_DEBUG] LocalMapping: SearchInNeighbors end
[RASPI_DEBUG] LocalMapping: optimization block begin
[RASPI_DEBUG] LocalMapping: skipping LocalBundleAdjustment
[RASPI_DEBUG] LocalMapping: IMU initialization disabled by default window=5.199030876159668 kfs=21 set RASPI_ORBSLAM3_ENABLE_IMU_INIT=1 to experiment
[RASPI_DEBUG] LocalMapping: skipping KeyFrameCulling
[RASPI_DEBUG] LocalMapping: optimization block end
[RASPI_DEBUG] LocalMapping: skipping LoopClosing InsertKeyFrame
[RASPI_DEBUG] LocalMapping: ProcessNewKeyFrame begin
[RASPI_DEBUG] ProcessNewKeyFrame: popped KF id=21 frame=380 ts=12.664308071136475
[RASPI_DEBUG] ProcessNewKeyFrame: ComputeBoW begin
[RASPI_DEBUG] ProcessNewKeyFrame: ComputeBoW end
[RASPI_DEBUG] ProcessNewKeyFrame: map point matches=1507
[RASPI_DEBUG] ProcessNewKeyFrame: observations end
[RASPI_DEBUG] ProcessNewKeyFrame: UpdateConnections begin
[RASPI_DEBUG] ProcessNewKeyFrame: UpdateConnections end
[RASPI_DEBUG] ProcessNewKeyFrame: AddKeyFrame begin
[RASPI_DEBUG] ProcessNewKeyFrame: AddKeyFrame end
[RASPI_DEBUG] LocalMapping: ProcessNewKeyFrame end
[RASPI_DEBUG] LocalMapping: MapPointCulling begin
[RASPI_DEBUG] LocalMapping: MapPointCulling end
[RASPI_DEBUG] LocalMapping: CreateNewMapPoints begin
[RASPI_DEBUG] LocalMapping: CreateNewMapPoints end
[RASPI_DEBUG] LocalMapping: SearchInNeighbors begin
[RASPI_DEBUG] LocalMapping: SearchInNeighbors end
[RASPI_DEBUG] LocalMapping: optimization block begin
[RASPI_DEBUG] LocalMapping: skipping LocalBundleAdjustment
[RASPI_DEBUG] LocalMapping: IMU initialization disabled by default window=5.465656042098999 kfs=22 set RASPI_ORBSLAM3_ENABLE_IMU_INIT=1 to experiment
[RASPI_DEBUG] LocalMapping: skipping KeyFrameCulling
[RASPI_DEBUG] LocalMapping: optimization block end
[RASPI_DEBUG] LocalMapping: skipping LoopClosing InsertKeyFrame
[RASPI_DEBUG] LocalMapping: ProcessNewKeyFrame begin
[RASPI_DEBUG] ProcessNewKeyFrame: popped KF id=22 frame=388 ts=12.930917024612427
[RASPI_DEBUG] ProcessNewKeyFrame: ComputeBoW begin
[RASPI_DEBUG] ProcessNewKeyFrame: ComputeBoW end
[RASPI_DEBUG] ProcessNewKeyFrame: map point matches=1507
[RASPI_DEBUG] ProcessNewKeyFrame: observations end
[RASPI_DEBUG] ProcessNewKeyFrame: UpdateConnections begin
[RASPI_DEBUG] ProcessNewKeyFrame: UpdateConnections end
[RASPI_DEBUG] ProcessNewKeyFrame: AddKeyFrame begin
[RASPI_DEBUG] ProcessNewKeyFrame: AddKeyFrame end
[RASPI_DEBUG] LocalMapping: ProcessNewKeyFrame end
[RASPI_DEBUG] LocalMapping: MapPointCulling begin
[RASPI_DEBUG] LocalMapping: MapPointCulling end
[RASPI_DEBUG] LocalMapping: CreateNewMapPoints begin
[RASPI_DEBUG] LocalMapping: CreateNewMapPoints end
[RASPI_DEBUG] LocalMapping: SearchInNeighbors begin
[RASPI_DEBUG] LocalMapping: SearchInNeighbors end
[RASPI_DEBUG] LocalMapping: optimization block begin
[RASPI_DEBUG] LocalMapping: skipping LocalBundleAdjustment
[RASPI_DEBUG] LocalMapping: IMU initialization disabled by default window=5.7322649955749512 kfs=23 set RASPI_ORBSLAM3_ENABLE_IMU_INIT=1 to experiment
[RASPI_DEBUG] LocalMapping: skipping KeyFrameCulling
[RASPI_DEBUG] LocalMapping: optimization block end
[RASPI_DEBUG] LocalMapping: skipping LoopClosing InsertKeyFrame
[RASPI_DEBUG] LocalMapping: ProcessNewKeyFrame begin
[RASPI_DEBUG] ProcessNewKeyFrame: popped KF id=23 frame=396 ts=13.197545051574707
[RASPI_DEBUG] ProcessNewKeyFrame: ComputeBoW begin
[RASPI_DEBUG] ProcessNewKeyFrame: ComputeBoW end
[RASPI_DEBUG] ProcessNewKeyFrame: map point matches=1509
[RASPI_DEBUG] ProcessNewKeyFrame: observations end
[RASPI_DEBUG] ProcessNewKeyFrame: UpdateConnections begin
[RASPI_DEBUG] ProcessNewKeyFrame: UpdateConnections end
[RASPI_DEBUG] ProcessNewKeyFrame: AddKeyFrame begin
[RASPI_DEBUG] ProcessNewKeyFrame: AddKeyFrame end
[RASPI_DEBUG] LocalMapping: ProcessNewKeyFrame end
[RASPI_DEBUG] LocalMapping: MapPointCulling begin
[RASPI_DEBUG] LocalMapping: MapPointCulling end
[RASPI_DEBUG] LocalMapping: CreateNewMapPoints begin
[RASPI_DEBUG] LocalMapping: CreateNewMapPoints end
[RASPI_DEBUG] LocalMapping: SearchInNeighbors begin
[RASPI_DEBUG] LocalMapping: SearchInNeighbors end
[RASPI_DEBUG] LocalMapping: optimization block begin
[RASPI_DEBUG] LocalMapping: skipping LocalBundleAdjustment
[RASPI_DEBUG] LocalMapping: IMU initialization disabled by default window=5.9988930225372314 kfs=24 set RASPI_ORBSLAM3_ENABLE_IMU_INIT=1 to experiment
[RASPI_DEBUG] LocalMapping: skipping KeyFrameCulling
[RASPI_DEBUG] LocalMapping: optimization block end
[RASPI_DEBUG] LocalMapping: skipping LoopClosing InsertKeyFrame
frame=400 t=13.330840110778809 imu_batch=9 tracking_state=2 lost_run=0
[RASPI_DEBUG] LocalMapping: ProcessNewKeyFrame begin
[RASPI_DEBUG] ProcessNewKeyFrame: popped KF id=24 frame=404 ts=13.464150905609131
[RASPI_DEBUG] ProcessNewKeyFrame: ComputeBoW begin
[RASPI_DEBUG] ProcessNewKeyFrame: ComputeBoW end
[RASPI_DEBUG] ProcessNewKeyFrame: map point matches=1507
[RASPI_DEBUG] ProcessNewKeyFrame: observations end
[RASPI_DEBUG] ProcessNewKeyFrame: UpdateConnections begin
[RASPI_DEBUG] ProcessNewKeyFrame: UpdateConnections end
[RASPI_DEBUG] ProcessNewKeyFrame: AddKeyFrame begin
[RASPI_DEBUG] ProcessNewKeyFrame: AddKeyFrame end
[RASPI_DEBUG] LocalMapping: ProcessNewKeyFrame end
[RASPI_DEBUG] LocalMapping: MapPointCulling begin
[RASPI_DEBUG] LocalMapping: MapPointCulling end
[RASPI_DEBUG] LocalMapping: CreateNewMapPoints begin
[RASPI_DEBUG] LocalMapping: CreateNewMapPoints end
[RASPI_DEBUG] LocalMapping: SearchInNeighbors begin
[RASPI_DEBUG] LocalMapping: SearchInNeighbors end
[RASPI_DEBUG] LocalMapping: optimization block begin
[RASPI_DEBUG] LocalMapping: skipping LocalBundleAdjustment
[RASPI_DEBUG] LocalMapping: IMU initialization disabled by default window=6.2654988765716553 kfs=25 set RASPI_ORBSLAM3_ENABLE_IMU_INIT=1 to experiment
[RASPI_DEBUG] LocalMapping: skipping KeyFrameCulling
[RASPI_DEBUG] LocalMapping: optimization block end
[RASPI_DEBUG] LocalMapping: skipping LoopClosing InsertKeyFrame
TrackLocalMap() mnMatchesInliers<50 && !mpAtlas->isImuInitialized() = 49
Fail to track local map!
IMU is not or recently initialized. Reseting active map...
SYSTEM-> Reseting active map in monocular case
LM: Active map reset recieved
LM: Active map reset, waiting...
[RASPI_DEBUG] LocalMapping: ProcessNewKeyFrame begin
[RASPI_DEBUG] ProcessNewKeyFrame: popped KF id=25 frame=412 ts=13.730767011642456
[RASPI_DEBUG] ProcessNewKeyFrame: ComputeBoW begin
[RASPI_DEBUG] ProcessNewKeyFrame: ComputeBoW end
[RASPI_DEBUG] ProcessNewKeyFrame: map point matches=1505
[RASPI_DEBUG] ProcessNewKeyFrame: observations end
[RASPI_DEBUG] ProcessNewKeyFrame: UpdateConnections begin
[RASPI_DEBUG] ProcessNewKeyFrame: UpdateConnections end
[RASPI_DEBUG] ProcessNewKeyFrame: AddKeyFrame begin
[RASPI_DEBUG] ProcessNewKeyFrame: AddKeyFrame end
[RASPI_DEBUG] LocalMapping: ProcessNewKeyFrame end
[RASPI_DEBUG] LocalMapping: MapPointCulling begin
[RASPI_DEBUG] LocalMapping: MapPointCulling end
[RASPI_DEBUG] LocalMapping: CreateNewMapPoints begin
[RASPI_DEBUG] LocalMapping: CreateNewMapPoints end
[RASPI_DEBUG] LocalMapping: SearchInNeighbors begin
[RASPI_DEBUG] LocalMapping: SearchInNeighbors end
[RASPI_DEBUG] LocalMapping: optimization block begin
[RASPI_DEBUG] LocalMapping: skipping LocalBundleAdjustment
[RASPI_DEBUG] LocalMapping: IMU initialization disabled by default window=6.5321149826049805 kfs=26 set RASPI_ORBSLAM3_ENABLE_IMU_INIT=1 to experiment
[RASPI_DEBUG] LocalMapping: skipping KeyFrameCulling
[RASPI_DEBUG] LocalMapping: optimization block end
[RASPI_DEBUG] LocalMapping: skipping LoopClosing InsertKeyFrame
LM: Reseting current map in Local Mapping...
LM: End reseting Local Mapping...
LM: Reset free the mutex
LM: Active map reset, Done!!!
mnFirstFrameId = 220
mnInitialFrameId = 0
413 Frames set to lost
line 1873 keyframes 0MapPoints0
init_success=0
 tag_init_success=0
init_success=0
 tag_init_success=0
init_success=0
 tag_init_success=0
init_success=0
 tag_init_success=0
init_success=0
 tag_init_success=0
init_success=0
 tag_init_success=0
init_success=0
 tag_init_success=0
init_success=0
 tag_init_success=0
init_success=0
 tag_init_success=0
init_success=0
 tag_init_success=0
Failed to init: n_keypoints 7471 time_since_init_frame0.33327317237854004
init_success=0
 tag_init_success=0
init_success=0
 tag_init_success=0
init_success=0
 tag_init_success=0
init_success=0
 tag_init_success=0
init_success=0
 tag_init_success=0
init_success=0
 tag_init_success=0
init_success=0
 tag_init_success=0
init_success=0
 tag_init_success=0
init_success=1
First KF:26; Map init KF:0
New Map created with 237 points
[RASPI_DEBUG] Tracking: skipping initial GlobalBundleAdjustment
[RASPI_DEBUG] LocalMapping: ProcessNewKeyFrame begin
[RASPI_DEBUG] ProcessNewKeyFrame: popped KF id=26 frame=425 ts=14.164019107818604
[RASPI_DEBUG] ProcessNewKeyFrame: ComputeBoW begin
[RASPI_DEBUG] ProcessNewKeyFrame: ComputeBoW end
[RASPI_DEBUG] ProcessNewKeyFrame: map point matches=7484
[RASPI_DEBUG] ProcessNewKeyFrame: observations end
[RASPI_DEBUG] ProcessNewKeyFrame: UpdateConnections begin
[RASPI_DEBUG] ProcessNewKeyFrame: UpdateConnections end
[RASPI_DEBUG] ProcessNewKeyFrame: AddKeyFrame begin
[RASPI_DEBUG] ProcessNewKeyFrame: AddKeyFrame end
[RASPI_DEBUG] LocalMapping: ProcessNewKeyFrame end
[RASPI_DEBUG] LocalMapping: MapPointCulling begin
[RASPI_DEBUG] LocalMapping: MapPointCulling end
[RASPI_DEBUG] LocalMapping: CreateNewMapPoints begin
[RASPI_DEBUG] LocalMapping: CreateNewMapPoints end
[RASPI_DEBUG] LocalMapping: skipping LoopClosing InsertKeyFrame
[RASPI_DEBUG] LocalMapping: ProcessNewKeyFrame begin
[RASPI_DEBUG] ProcessNewKeyFrame: popped KF id=27 frame=434 ts=14.463963985443115
[RASPI_DEBUG] ProcessNewKeyFrame: ComputeBoW begin
[RASPI_DEBUG] ProcessNewKeyFrame: ComputeBoW end
[RASPI_DEBUG] ProcessNewKeyFrame: map point matches=7478
[RASPI_DEBUG] ProcessNewKeyFrame: observations end
[RASPI_DEBUG] ProcessNewKeyFrame: UpdateConnections begin
[RASPI_DEBUG] ProcessNewKeyFrame: UpdateConnections end
[RASPI_DEBUG] ProcessNewKeyFrame: AddKeyFrame begin
[RASPI_DEBUG] ProcessNewKeyFrame: AddKeyFrame end
[RASPI_DEBUG] LocalMapping: ProcessNewKeyFrame end
[RASPI_DEBUG] LocalMapping: MapPointCulling begin
[RASPI_DEBUG] LocalMapping: MapPointCulling end
[RASPI_DEBUG] LocalMapping: CreateNewMapPoints begin
[RASPI_DEBUG] LocalMapping: CreateNewMapPoints end
[RASPI_DEBUG] LocalMapping: SearchInNeighbors begin
[RASPI_DEBUG] LocalMapping: SearchInNeighbors end
[RASPI_DEBUG] LocalMapping: optimization block begin
[RASPI_DEBUG] LocalMapping: IMU initialization disabled by default window=0.29994487762451172 kfs=2 set RASPI_ORBSLAM3_ENABLE_IMU_INIT=1 to experiment
[RASPI_DEBUG] LocalMapping: skipping KeyFrameCulling
[RASPI_DEBUG] LocalMapping: optimization block end
[RASPI_DEBUG] LocalMapping: skipping LoopClosing InsertKeyFrame
[RASPI_DEBUG] LocalMapping: ProcessNewKeyFrame begin
[RASPI_DEBUG] ProcessNewKeyFrame: popped KF id=28 frame=442 ts=14.730578899383545
[RASPI_DEBUG] ProcessNewKeyFrame: ComputeBoW begin
[RASPI_DEBUG] ProcessNewKeyFrame: ComputeBoW end
[RASPI_DEBUG] ProcessNewKeyFrame: map point matches=1506
[RASPI_DEBUG] ProcessNewKeyFrame: observations end
[RASPI_DEBUG] ProcessNewKeyFrame: UpdateConnections begin
[RASPI_DEBUG] ProcessNewKeyFrame: UpdateConnections end
[RASPI_DEBUG] ProcessNewKeyFrame: AddKeyFrame begin
[RASPI_DEBUG] ProcessNewKeyFrame: AddKeyFrame end
[RASPI_DEBUG] LocalMapping: ProcessNewKeyFrame end
[RASPI_DEBUG] LocalMapping: MapPointCulling begin
[RASPI_DEBUG] LocalMapping: MapPointCulling end
[RASPI_DEBUG] LocalMapping: CreateNewMapPoints begin
[RASPI_DEBUG] LocalMapping: CreateNewMapPoints end
[RASPI_DEBUG] LocalMapping: SearchInNeighbors begin
[RASPI_DEBUG] LocalMapping: SearchInNeighbors end
[RASPI_DEBUG] LocalMapping: optimization block begin
[RASPI_DEBUG] LocalMapping: skipping LocalBundleAdjustment
[RASPI_DEBUG] LocalMapping: IMU initialization disabled by default window=0.56655979156494141 kfs=3 set RASPI_ORBSLAM3_ENABLE_IMU_INIT=1 to experiment
[RASPI_DEBUG] LocalMapping: skipping KeyFrameCulling
[RASPI_DEBUG] LocalMapping: optimization block end
[RASPI_DEBUG] LocalMapping: skipping LoopClosing InsertKeyFrame
[RASPI_DEBUG] LocalMapping: ProcessNewKeyFrame begin
[RASPI_DEBUG] ProcessNewKeyFrame: popped KF id=29 frame=450 ts=14.99719500541687
[RASPI_DEBUG] ProcessNewKeyFrame: ComputeBoW begin
[RASPI_DEBUG] ProcessNewKeyFrame: ComputeBoW end
[RASPI_DEBUG] ProcessNewKeyFrame: map point matches=1506
[RASPI_DEBUG] ProcessNewKeyFrame: observations end
[RASPI_DEBUG] ProcessNewKeyFrame: UpdateConnections begin
[RASPI_DEBUG] ProcessNewKeyFrame: UpdateConnections end
[RASPI_DEBUG] ProcessNewKeyFrame: AddKeyFrame begin
[RASPI_DEBUG] ProcessNewKeyFrame: AddKeyFrame end
[RASPI_DEBUG] LocalMapping: ProcessNewKeyFrame end
[RASPI_DEBUG] LocalMapping: MapPointCulling begin
[RASPI_DEBUG] LocalMapping: MapPointCulling end
[RASPI_DEBUG] LocalMapping: CreateNewMapPoints begin
[RASPI_DEBUG] LocalMapping: CreateNewMapPoints end
[RASPI_DEBUG] LocalMapping: SearchInNeighbors begin
[RASPI_DEBUG] LocalMapping: SearchInNeighbors end
[RASPI_DEBUG] LocalMapping: optimization block begin
[RASPI_DEBUG] LocalMapping: skipping LocalBundleAdjustment
[RASPI_DEBUG] LocalMapping: IMU initialization disabled by default window=0.8331758975982666 kfs=4 set RASPI_ORBSLAM3_ENABLE_IMU_INIT=1 to experiment
[RASPI_DEBUG] LocalMapping: skipping KeyFrameCulling
[RASPI_DEBUG] LocalMapping: optimization block end
[RASPI_DEBUG] LocalMapping: skipping LoopClosing InsertKeyFrame
[RASPI_DEBUG] LocalMapping: ProcessNewKeyFrame begin
[RASPI_DEBUG] ProcessNewKeyFrame: popped KF id=30 frame=458 ts=15.263814926147461
[RASPI_DEBUG] ProcessNewKeyFrame: ComputeBoW begin
[RASPI_DEBUG] ProcessNewKeyFrame: ComputeBoW end
[RASPI_DEBUG] ProcessNewKeyFrame: map point matches=1505
[RASPI_DEBUG] ProcessNewKeyFrame: observations end
[RASPI_DEBUG] ProcessNewKeyFrame: UpdateConnections begin
[RASPI_DEBUG] ProcessNewKeyFrame: UpdateConnections end
[RASPI_DEBUG] ProcessNewKeyFrame: AddKeyFrame begin
[RASPI_DEBUG] ProcessNewKeyFrame: AddKeyFrame end
[RASPI_DEBUG] LocalMapping: ProcessNewKeyFrame end
[RASPI_DEBUG] LocalMapping: MapPointCulling begin
[RASPI_DEBUG] LocalMapping: MapPointCulling end
[RASPI_DEBUG] LocalMapping: CreateNewMapPoints begin
[RASPI_DEBUG] LocalMapping: CreateNewMapPoints end
[RASPI_DEBUG] LocalMapping: SearchInNeighbors begin
[RASPI_DEBUG] LocalMapping: SearchInNeighbors end
[RASPI_DEBUG] LocalMapping: optimization block begin
[RASPI_DEBUG] LocalMapping: skipping LocalBundleAdjustment
[RASPI_DEBUG] LocalMapping: IMU initialization disabled by default window=1.0997958183288574 kfs=5 set RASPI_ORBSLAM3_ENABLE_IMU_INIT=1 to experiment
[RASPI_DEBUG] LocalMapping: skipping KeyFrameCulling
[RASPI_DEBUG] LocalMapping: optimization block end
[RASPI_DEBUG] LocalMapping: skipping LoopClosing InsertKeyFrame
[RASPI_DEBUG] LocalMapping: ProcessNewKeyFrame begin
[RASPI_DEBUG] ProcessNewKeyFrame: popped KF id=31 frame=466 ts=15.53043007850647
[RASPI_DEBUG] ProcessNewKeyFrame: ComputeBoW begin
[RASPI_DEBUG] ProcessNewKeyFrame: ComputeBoW end
[RASPI_DEBUG] ProcessNewKeyFrame: map point matches=1505
[RASPI_DEBUG] ProcessNewKeyFrame: observations end
[RASPI_DEBUG] ProcessNewKeyFrame: UpdateConnections begin
[RASPI_DEBUG] ProcessNewKeyFrame: UpdateConnections end
[RASPI_DEBUG] ProcessNewKeyFrame: AddKeyFrame begin
[RASPI_DEBUG] ProcessNewKeyFrame: AddKeyFrame end
[RASPI_DEBUG] LocalMapping: ProcessNewKeyFrame end
[RASPI_DEBUG] LocalMapping: MapPointCulling begin
[RASPI_DEBUG] LocalMapping: MapPointCulling end
[RASPI_DEBUG] LocalMapping: CreateNewMapPoints begin
[RASPI_DEBUG] LocalMapping: CreateNewMapPoints end
[RASPI_DEBUG] LocalMapping: SearchInNeighbors begin
[RASPI_DEBUG] LocalMapping: SearchInNeighbors end
[RASPI_DEBUG] LocalMapping: optimization block begin
[RASPI_DEBUG] LocalMapping: skipping LocalBundleAdjustment
[RASPI_DEBUG] LocalMapping: IMU initialization disabled by default window=1.3664109706878662 kfs=6 set RASPI_ORBSLAM3_ENABLE_IMU_INIT=1 to experiment
[RASPI_DEBUG] LocalMapping: skipping KeyFrameCulling
[RASPI_DEBUG] LocalMapping: optimization block end
[RASPI_DEBUG] LocalMapping: skipping LoopClosing InsertKeyFrame
[RASPI_DEBUG] LocalMapping: ProcessNewKeyFrame begin
[RASPI_DEBUG] ProcessNewKeyFrame: popped KF id=32 frame=474 ts=15.797045946121216
[RASPI_DEBUG] ProcessNewKeyFrame: ComputeBoW begin
[RASPI_DEBUG] ProcessNewKeyFrame: ComputeBoW end
[RASPI_DEBUG] ProcessNewKeyFrame: map point matches=1507
[RASPI_DEBUG] ProcessNewKeyFrame: observations end
[RASPI_DEBUG] ProcessNewKeyFrame: UpdateConnections begin
[RASPI_DEBUG] ProcessNewKeyFrame: UpdateConnections end
[RASPI_DEBUG] ProcessNewKeyFrame: AddKeyFrame begin
[RASPI_DEBUG] ProcessNewKeyFrame: AddKeyFrame end
[RASPI_DEBUG] LocalMapping: ProcessNewKeyFrame end
[RASPI_DEBUG] LocalMapping: MapPointCulling begin
[RASPI_DEBUG] LocalMapping: MapPointCulling end
[RASPI_DEBUG] LocalMapping: CreateNewMapPoints begin
[RASPI_DEBUG] LocalMapping: CreateNewMapPoints end
[RASPI_DEBUG] LocalMapping: SearchInNeighbors begin
[RASPI_DEBUG] LocalMapping: SearchInNeighbors end
[RASPI_DEBUG] LocalMapping: optimization block begin
[RASPI_DEBUG] LocalMapping: skipping LocalBundleAdjustment
[RASPI_DEBUG] LocalMapping: IMU initialization disabled by default window=1.6330268383026123 kfs=7 set RASPI_ORBSLAM3_ENABLE_IMU_INIT=1 to experiment
[RASPI_DEBUG] LocalMapping: skipping KeyFrameCulling
[RASPI_DEBUG] LocalMapping: optimization block end
[RASPI_DEBUG] LocalMapping: skipping LoopClosing InsertKeyFrame
[RASPI_DEBUG] LocalMapping: ProcessNewKeyFrame begin
[RASPI_DEBUG] ProcessNewKeyFrame: popped KF id=33 frame=482 ts=16.063666105270386
[RASPI_DEBUG] ProcessNewKeyFrame: ComputeBoW begin
[RASPI_DEBUG] ProcessNewKeyFrame: ComputeBoW end
[RASPI_DEBUG] ProcessNewKeyFrame: map point matches=1507
[RASPI_DEBUG] ProcessNewKeyFrame: observations end
[RASPI_DEBUG] ProcessNewKeyFrame: UpdateConnections begin
[RASPI_DEBUG] ProcessNewKeyFrame: UpdateConnections end
[RASPI_DEBUG] ProcessNewKeyFrame: AddKeyFrame begin
[RASPI_DEBUG] ProcessNewKeyFrame: AddKeyFrame end
[RASPI_DEBUG] LocalMapping: ProcessNewKeyFrame end
[RASPI_DEBUG] LocalMapping: MapPointCulling begin
[RASPI_DEBUG] LocalMapping: MapPointCulling end
[RASPI_DEBUG] LocalMapping: CreateNewMapPoints begin
[RASPI_DEBUG] LocalMapping: CreateNewMapPoints end
[RASPI_DEBUG] LocalMapping: SearchInNeighbors begin
[RASPI_DEBUG] LocalMapping: SearchInNeighbors end
[RASPI_DEBUG] LocalMapping: optimization block begin
[RASPI_DEBUG] LocalMapping: skipping LocalBundleAdjustment
[RASPI_DEBUG] LocalMapping: IMU initialization disabled by default window=1.8996469974517822 kfs=8 set RASPI_ORBSLAM3_ENABLE_IMU_INIT=1 to experiment
[RASPI_DEBUG] LocalMapping: skipping KeyFrameCulling
[RASPI_DEBUG] LocalMapping: optimization block end
[RASPI_DEBUG] LocalMapping: skipping LoopClosing InsertKeyFrame
[RASPI_DEBUG] LocalMapping: ProcessNewKeyFrame begin
[RASPI_DEBUG] ProcessNewKeyFrame: popped KF id=34 frame=490 ts=16.330281972885132
[RASPI_DEBUG] ProcessNewKeyFrame: ComputeBoW begin
[RASPI_DEBUG] ProcessNewKeyFrame: ComputeBoW end
[RASPI_DEBUG] ProcessNewKeyFrame: map point matches=1506
[RASPI_DEBUG] ProcessNewKeyFrame: observations end
[RASPI_DEBUG] ProcessNewKeyFrame: UpdateConnections begin
[RASPI_DEBUG] ProcessNewKeyFrame: UpdateConnections end
[RASPI_DEBUG] ProcessNewKeyFrame: AddKeyFrame begin
[RASPI_DEBUG] ProcessNewKeyFrame: AddKeyFrame end
[RASPI_DEBUG] LocalMapping: ProcessNewKeyFrame end
[RASPI_DEBUG] LocalMapping: MapPointCulling begin
[RASPI_DEBUG] LocalMapping: MapPointCulling end
[RASPI_DEBUG] LocalMapping: CreateNewMapPoints begin
[RASPI_DEBUG] LocalMapping: CreateNewMapPoints end
[RASPI_DEBUG] LocalMapping: SearchInNeighbors begin
[RASPI_DEBUG] LocalMapping: SearchInNeighbors end
[RASPI_DEBUG] LocalMapping: optimization block begin
[RASPI_DEBUG] LocalMapping: skipping LocalBundleAdjustment
[RASPI_DEBUG] LocalMapping: IMU initialization disabled by default window=2.1662628650665283 kfs=9 set RASPI_ORBSLAM3_ENABLE_IMU_INIT=1 to experiment
[RASPI_DEBUG] LocalMapping: skipping KeyFrameCulling
[RASPI_DEBUG] LocalMapping: optimization block end
[RASPI_DEBUG] LocalMapping: skipping LoopClosing InsertKeyFrame
[RASPI_DEBUG] LocalMapping: ProcessNewKeyFrame begin
[RASPI_DEBUG] ProcessNewKeyFrame: popped KF id=35 frame=498 ts=16.596898078918457
[RASPI_DEBUG] ProcessNewKeyFrame: ComputeBoW begin
[RASPI_DEBUG] ProcessNewKeyFrame: ComputeBoW end
[RASPI_DEBUG] ProcessNewKeyFrame: map point matches=1509
[RASPI_DEBUG] ProcessNewKeyFrame: observations end
[RASPI_DEBUG] ProcessNewKeyFrame: UpdateConnections begin
[RASPI_DEBUG] ProcessNewKeyFrame: UpdateConnections end
[RASPI_DEBUG] ProcessNewKeyFrame: AddKeyFrame begin
[RASPI_DEBUG] ProcessNewKeyFrame: AddKeyFrame end
[RASPI_DEBUG] LocalMapping: ProcessNewKeyFrame end
[RASPI_DEBUG] LocalMapping: MapPointCulling begin
[RASPI_DEBUG] LocalMapping: MapPointCulling end
[RASPI_DEBUG] LocalMapping: CreateNewMapPoints begin
Shutdown
mpLocalMapper is not finished
mpLoopCloser is not finished
mpLocalMapper is not finished
[RASPI_DEBUG] LocalMapping: CreateNewMapPoints end
[RASPI_DEBUG] LocalMapping: SearchInNeighbors begin
[RASPI_DEBUG] LocalMapping: SearchInNeighbors end
[RASPI_DEBUG] LocalMapping: optimization block begin
[RASPI_DEBUG] LocalMapping: skipping LocalBundleAdjustment
[RASPI_DEBUG] LocalMapping: IMU initialization disabled by default window=2.4328789710998535 kfs=10 set RASPI_ORBSLAM3_ENABLE_IMU_INIT=1 to experiment
[RASPI_DEBUG] LocalMapping: skipping KeyFrameCulling
[RASPI_DEBUG] LocalMapping: optimization block end
[RASPI_DEBUG] LocalMapping: skipping LoopClosing InsertKeyFrame

Saving camera trajectory to /workspace/session_20260610_112528/orbslam3_output/raspi_g2o_alignfix_500_traj.csv ...
There are 1 maps in the atlas
  Map 0 has 10 KFs

CSV camera trajectory saved!

Saving keyframe trajectory to /workspace/session_20260610_112528/orbslam3_output/raspi_g2o_alignfix_500_keyframes_tum.txt ...

TUM keyframe trajectory saved!
Exported 523 map points to /workspace/session_20260610_112528/orbslam3_output/raspi_g2o_alignfix_500_mappoints.ply
