... logging to /root/.ros/log/b1c1a98a-6a0f-11f1-b7cb-2a2e6447fc53/roslaunch-1614321cfa6e-62.log
Checking log directory for disk usage. This may take a while.
Press Ctrl-C to interrupt
Done checking log file disk usage. Usage is <1GB.
]2;roscore
[1mstarted roslaunch server http://1614321cfa6e:39903/[0m
ros_comm version 1.17.4


SUMMARY
========

PARAMETERS
 * /rosdistro: noetic
 * /rosversion: 1.17.4

NODES

auto-starting new master
[1mprocess[master]: started with pid [71][0m
[1mROS_MASTER_URI=http://1614321cfa6e:11311/[0m
]2;roscore http://1614321cfa6e:11311/
[1msetting /run_id to b1c1a98a-6a0f-11f1-b7cb-2a2e6447fc53[0m
[1mprocess[rosout-1]: started with pid [81][0m
started core service [/rosout]
[rosout-1] killing on exit
[master] killing on exit
shutting down processing monitor...
... shutting down processing monitor complete
[1mdone[0m
