... logging to /root/.ros/log/4e6e0ce0-62f6-11f1-95d1-ca9e58127bbc/roslaunch-aa02862545e9-61.log
Checking log directory for disk usage. This may take a while.
Press Ctrl-C to interrupt
Done checking log file disk usage. Usage is <1GB.
]2;roscore
[1mstarted roslaunch server http://aa02862545e9:33947/[0m
ros_comm version 1.17.4


SUMMARY
========

PARAMETERS
 * /rosdistro: noetic
 * /rosversion: 1.17.4

NODES

auto-starting new master
[1mprocess[master]: started with pid [70][0m
[1mROS_MASTER_URI=http://aa02862545e9:11311/[0m
]2;roscore http://aa02862545e9:11311/
[1msetting /run_id to 4e6e0ce0-62f6-11f1-95d1-ca9e58127bbc[0m
[1mprocess[rosout-1]: started with pid [80][0m
started core service [/rosout]
[rosout-1] killing on exit
[master] killing on exit
shutting down processing monitor...
... shutting down processing monitor complete
[1mdone[0m
