
ORB-SLAM3 Copyright (C) 2017-2020 Carlos Campos, Richard Elvira, Juan J. Gómez, José M.M. Montiel and Juan D. Tardós, University of Zaragoza.
ORB-SLAM2 Copyright (C) 2014-2016 Raúl Mur-Artal, José M.M. Montiel and Juan D. Tardós, University of Zaragoza.
This program comes with ABSOLUTELY NO WARRANTY;
This is free software, and you are welcome to redistribute it
under certain conditions. See LICENSE.txt.

Input sensor was set to: Monocular-Inertial
Loading settings from /data/orbslam3_output/raspi_imx219_mono_inertial_820x616.yaml
	-Loaded camera 1
	-Loaded image info
	-Loaded IMU calibration
	-Loaded ORB settings
	-Loaded viewer settings
	-Loaded Atlas settings
	-Loaded misc parameters
----------------------------------
SLAM settings: 
	-Camera 1 parameters (Kannala-Brandt): [ 203.583 203.286 415.452 309.098 -0.0119256 -0.00395131 0.000405187 -0.000302394 ]
	-Original image size: [ 820 , 616 ]
	-Current image size: [ 820 , 616 ]
	-Sequence FPS: 30
	-Gyro noise: 0.0035
	-Accelerometer noise: 0.02
	-Gyro walk: 0.0002
	-Accelerometer walk: 0.002
	-IMU frequency: 247
	-Features per image: 1500
	-ORB scale factor: 1.2
	-ORB number of scales: 8
	-Initial FAST threshold: 15
	-Min FAST threshold: 5


Loading ORB Vocabulary. This could take a while...
Vocabulary loaded!

Initialization of Atlas from scratch 
Creation of new map with id: 0
Creation of new map with last KF id: 0
There are 1 cameras in the atlas
Camera 0 is fisheye
Discard points further than 20 m from current camera
Video opened using backend FFMPEG
There are 3721 frames in total
video FPS 30
line 1873 keyframes 0MapPoints0
n_lost_frames=1
Video FPS: 30
ORB-SLAM 3 running at: 47.2318 FPS
init_success=0
 tag_init_success=0
n_lost_frames=2
init_success=0
 tag_init_success=0
n_lost_frames=3
init_success=0
 tag_init_success=0
n_lost_frames=4
init_success=0
 tag_init_success=0
n_lost_frames=5
init_success=0
 tag_init_success=0
n_lost_frames=6
init_success=0
 tag_init_success=0
n_lost_frames=7
init_success=0
 tag_init_success=0
n_lost_frames=8
init_success=0
 tag_init_success=0
n_lost_frames=9
init_success=1
First KF:0; Map init KF:0
New Map created with 478 points
TrackLocalMap() mnMatchesInliers<50 && !mpAtlas->isImuInitialized() = 47
Fail to track local map!
IMU is not or recently initialized. Reseting active map...
SYSTEM-> Reseting active map in monocular case
LM: Active map reset recieved
LM: Active map reset, waiting...
LM: Reseting current map in Local Mapping...
LM: End reseting Local Mapping...
LM: Reset free the mutex
LM: Active map reset, Done!!!
mnFirstFrameId = 9
mnInitialFrameId = 0
11 Frames set to lost
line 1873 keyframes 0MapPoints0
n_lost_frames=10
init_success=0
 tag_init_success=0
n_lost_frames=11
init_success=0
 tag_init_success=0
n_lost_frames=12
init_success=0
 tag_init_success=0
n_lost_frames=13
init_success=1
First KF:2; Map init KF:0
New Map created with 440 points
TrackLocalMap() mnMatchesInliers<50 && !mpAtlas->isImuInitialized() = 39
Fail to track local map!
IMU is not or recently initialized. Reseting active map...
SYSTEM-> Reseting active map in monocular case
LM: Active map reset recieved
LM: Active map reset, waiting...
LM: Reseting current map in Local Mapping...
LM: End reseting Local Mapping...
LM: Reset free the mutex
LM: Active map reset, Done!!!
mnFirstFrameId = 15
mnInitialFrameId = 10
17 Frames set to lost
line 1873 keyframes 0MapPoints0
n_lost_frames=14
init_success=0
 tag_init_success=0
n_lost_frames=15
init_success=0
 tag_init_success=0
n_lost_frames=16
init_success=0
 tag_init_success=0
n_lost_frames=17
init_success=0
 tag_init_success=0
n_lost_frames=18
init_success=1
First KF:4; Map init KF:2
New Map created with 213 points
TrackLocalMap() mnMatchesInliers<50 && !mpAtlas->isImuInitialized() = 37
Fail to track local map!
IMU is not or recently initialized. Reseting active map...
SYSTEM-> Reseting active map in monocular case
LM: Active map reset recieved
LM: Active map reset, waiting...
LM: Reseting current map in Local Mapping...
LM: End reseting Local Mapping...
LM: Reset free the mutex
LM: Active map reset, Done!!!
mnFirstFrameId = 22
mnInitialFrameId = 16
24 Frames set to lost
line 1873 keyframes 0MapPoints0
n_lost_frames=19
init_success=0
 tag_init_success=0
n_lost_frames=20
init_success=0
 tag_init_success=0
n_lost_frames=21
init_success=1
First KF:6; Map init KF:4
New Map created with 498 points
TrackLocalMap() mnMatchesInliers<50 && !mpAtlas->isImuInitialized() = 42
Fail to track local map!
IMU is not or recently initialized. Reseting active map...
SYSTEM-> Reseting active map in monocular case
LM: Active map reset recieved
LM: Active map reset, waiting...
LM: Reseting current map in Local Mapping...
LM: End reseting Local Mapping...
LM: Reset free the mutex
LM: Active map reset, Done!!!
mnFirstFrameId = 27
mnInitialFrameId = 23
87 Frames set to lost
line 1873 keyframes 0MapPoints0
n_lost_frames=22
init_success=0
 tag_init_success=0
n_lost_frames=23
init_success=1
First KF:15; Map init KF:6
New Map created with 214 points
TRACK_REF_KF: Less than 15 matches!!
Fail to track local map!
n_lost_frames=24
SYSTEM-> Reseting active map in monocular case
LM: Active map reset recieved
LM: Active map reset, waiting...
LM: Reseting current map in Local Mapping...
LM: End reseting Local Mapping...
LM: Reset free the mutex
LM: Active map reset, Done!!!
mnFirstFrameId = 89
mnInitialFrameId = 86
91 Frames set to lost
line 1873 keyframes 0MapPoints0
n_lost_frames=25
init_success=1
First KF:17; Map init KF:15
New Map created with 450 points
Video FPS: 30
ORB-SLAM 3 running at: 60.901013441584482 FPS
scale too small
TrackLocalMap() mnMatchesInliers<15 && mpAtlas->isImuInitialized() = 13
Fail to track local map!
IMU is not or recently initialized. Reseting active map...
SYSTEM-> Reseting active map in monocular case
LM: Active map reset recieved
LM: Active map reset, waiting...
LM: Reseting current map in Local Mapping...
LM: End reseting Local Mapping...
LM: Reset free the mutex
LM: Active map reset, Done!!!
mnFirstFrameId = 92
mnInitialFrameId = 90
184 Frames set to lost
line 1873 keyframes 0MapPoints0
n_lost_frames=26
init_success=0
 tag_init_success=0
n_lost_frames=27
init_success=1
First KF:32; Map init KF:17
New Map created with 635 points
