Camera.newHeight optional parameter does not exist...
Camera.newWidth optional parameter does not exist...
IMU.InsertKFsWhenLost optional parameter does not exist...
System.LoadAtlasFromFile optional parameter does not exist...
System.SaveAtlasToFile optional parameter does not exist...

[RASPI_CRASH] Caught signal 11
./Examples/Monocular-Inertial/raspi_mono_inertial_slam(_Z21PrintBacktraceAndExiti+0x3d)[0x5fdadc12781d]
/lib/x86_64-linux-gnu/libc.so.6(+0x42520)[0x7a19e317e520]
/home/zzzjt/projects/orbslam3_ws/ORB_SLAM3/lib/libORB_SLAM3.so(_ZN9ORB_SLAM325EdgeSE3ProjectXYZOnlyPose14linearizeOplusEv+0x1b4)[0x7a19e431e3a4]
/home/zzzjt/projects/orbslam3_ws/ORB_SLAM3/lib/libORB_SLAM3.so(_ZN3g2o11BlockSolverINS_17BlockSolverTraitsILi6ELi3EEEE11buildSystemEv+0xb8)[0x7a19e428c6d8]
/home/zzzjt/projects/orbslam3_ws/ORB_SLAM3/Thirdparty/g2o/lib/libg2o.so(_ZN3g2o30OptimizationAlgorithmLevenberg5solveEib+0x398)[0x7a19e310e868]
/home/zzzjt/projects/orbslam3_ws/ORB_SLAM3/Thirdparty/g2o/lib/libg2o.so(_ZN3g2o15SparseOptimizer8optimizeEib+0xf7)[0x7a19e3106057]
/home/zzzjt/projects/orbslam3_ws/ORB_SLAM3/lib/libORB_SLAM3.so(_ZN9ORB_SLAM39Optimizer16PoseOptimizationEPNS_5FrameE+0xf6f)[0x7a19e423062f]
/home/zzzjt/projects/orbslam3_ws/ORB_SLAM3/lib/libORB_SLAM3.so(_ZN9ORB_SLAM38Tracking22TrackReferenceKeyFrameEv+0xd4)[0x7a19e419d1a4]
/home/zzzjt/projects/orbslam3_ws/ORB_SLAM3/lib/libORB_SLAM3.so(_ZN9ORB_SLAM38Tracking5TrackEv+0x1945)[0x7a19e41ad475]
/home/zzzjt/projects/orbslam3_ws/ORB_SLAM3/lib/libORB_SLAM3.so(_ZN9ORB_SLAM38Tracking18GrabImageMonocularERKN2cv3MatERKdNSt7__cxx1112basic_stringIcSt11char_traitsIcESaIcEEE+0x216)[0x7a19e41aed56]
/home/zzzjt/projects/orbslam3_ws/ORB_SLAM3/lib/libORB_SLAM3.so(_ZN9ORB_SLAM36System14TrackMonocularERKN2cv3MatERKdRKSt6vectorINS_3IMU5PointESaIS9_EENSt7__cxx1112basic_stringIcSt11char_traitsIcESaIcEEE+0x226)[0x7a19e414d496]
./Examples/Monocular-Inertial/raspi_mono_inertial_slam(main+0x191c)[0x5fdadc126ffc]
/lib/x86_64-linux-gnu/libc.so.6(+0x29d90)[0x7a19e3165d90]
/lib/x86_64-linux-gnu/libc.so.6(__libc_start_main+0x80)[0x7a19e3165e40]
./Examples/Monocular-Inertial/raspi_mono_inertial_slam(_start+0x25)[0x5fdadc127715]
