
ORB-SLAM3 Copyright (C) 2017-2020 Carlos Campos, Richard Elvira, Juan J. Gómez, José M.M. Montiel and Juan D. Tardós, University of Zaragoza.
ORB-SLAM2 Copyright (C) 2014-2016 Raúl Mur-Artal, José M.M. Montiel and Juan D. Tardós, University of Zaragoza.
This program comes with ABSOLUTELY NO WARRANTY;
This is free software, and you are welcome to redistribute it
under certain conditions. See LICENSE.txt.

Input sensor was set to: Monocular-Inertial
Loading settings from /home/zzzjt/projects/session_20260605_103651/orbslam3_output/raspi_imx219_mono_inertial_noisy_820x616.yaml
	-Loaded camera 1
	-Loaded image info
	-Loaded IMU calibration
	-Loaded ORB settings
	-Loaded viewer settings
	-Loaded Atlas settings
	-Loaded misc parameters
----------------------------------
SLAM settings: 
	-Camera 1 parameters (Kannala-Brandt): [ 203.583 203.286 415.452 309.098 -0.0119256 -0.00395131 0.000405187 -0.000302394 ]
	-Original image size: [ 820 , 616 ]
	-Current image size: [ 820 , 616 ]
	-Sequence FPS: 30
	-Gyro noise: 0.035
	-Accelerometer noise: 0.2
	-Gyro walk: 0.002
	-Accelerometer walk: 0.02
	-IMU frequency: 247
	-Features per image: 1500
	-ORB scale factor: 1.2
	-ORB number of scales: 8
	-Initial FAST threshold: 15
	-Min FAST threshold: 5


Loading ORB Vocabulary. This could take a while...
Vocabulary loaded!

Initialization of Atlas from scratch 
Creation of new map with id: 0
Creation of new map with last KF id: 0
There are 1 cameras in the atlas
Camera 0 is fisheye
Discard points further than 20 m from current camera
Video opened using backend FFMPEG
There are 3721 frames in total
video FPS 30
IMU samples 30653
Frame timestamps 3721 first_abs=1.78063e+09 first_rel=0 last_rel=123.977
IMU first_rel=0.0656202 last_rel=124.151
line 1873 keyframes 0MapPoints0
frame=0 t=0 imu_batch=0 tracking_state=1 lost_run=0
init_success=0
 tag_init_success=0
Empty IMU measurements vector!!!
init_success=0
 tag_init_success=0
init_success=0
 tag_init_success=0
init_success=0
 tag_init_success=0
init_success=0
 tag_init_success=0
init_success=0
 tag_init_success=0
init_success=0
 tag_init_success=0
init_success=0
 tag_init_success=0
init_success=1
First KF:0; Map init KF:0
New Map created with 479 points
[RASPI_DEBUG] Tracking: skipping initial GlobalBundleAdjustment
[RASPI_DEBUG] LocalMapping: ProcessNewKeyFrame begin
[RASPI_DEBUG] ProcessNewKeyFrame: popped KF id=0 frame=0 ts=0
[RASPI_DEBUG] ProcessNewKeyFrame: ComputeBoW begin
[RASPI_DEBUG] ProcessNewKeyFrame: ComputeBoW end
[RASPI_DEBUG] ProcessNewKeyFrame: map point matches=6942
[RASPI_DEBUG] ProcessNewKeyFrame: observations end
[RASPI_DEBUG] ProcessNewKeyFrame: UpdateConnections begin
[RASPI_DEBUG] ProcessNewKeyFrame: UpdateConnections end
[RASPI_DEBUG] ProcessNewKeyFrame: AddKeyFrame begin
[RASPI_DEBUG] ProcessNewKeyFrame: AddKeyFrame end
[RASPI_DEBUG] LocalMapping: ProcessNewKeyFrame end
[RASPI_DEBUG] LocalMapping: MapPointCulling begin
[RASPI_DEBUG] LocalMapping: MapPointCulling end
[RASPI_DEBUG] LocalMapping: CreateNewMapPoints begin
[RASPI_DEBUG] LocalMapping: skipping CreateNewMapPoints
[RASPI_DEBUG] LocalMapping: CreateNewMapPoints end
[RASPI_DEBUG] LocalMapping: skipping LoopClosing InsertKeyFrame
[RASPI_DEBUG] LocalMapping: ProcessNewKeyFrame begin
[RASPI_DEBUG] ProcessNewKeyFrame: popped KF id=1 frame=9 ts=0.2999570369720459
[RASPI_DEBUG] ProcessNewKeyFrame: ComputeBoW begin
[RASPI_DEBUG] ProcessNewKeyFrame: ComputeBoW end
[RASPI_DEBUG] ProcessNewKeyFrame: map point matches=6780
[RASPI_DEBUG] ProcessNewKeyFrame: observations end
[RASPI_DEBUG] ProcessNewKeyFrame: UpdateConnections begin
[RASPI_DEBUG] ProcessNewKeyFrame: UpdateConnections end
[RASPI_DEBUG] ProcessNewKeyFrame: AddKeyFrame begin
[RASPI_DEBUG] ProcessNewKeyFrame: AddKeyFrame end
[RASPI_DEBUG] LocalMapping: ProcessNewKeyFrame end
[RASPI_DEBUG] LocalMapping: MapPointCulling begin
[RASPI_DEBUG] LocalMapping: MapPointCulling end
[RASPI_DEBUG] LocalMapping: CreateNewMapPoints begin
[RASPI_DEBUG] LocalMapping: skipping CreateNewMapPoints
[RASPI_DEBUG] LocalMapping: CreateNewMapPoints end
[RASPI_DEBUG] LocalMapping: SearchInNeighbors begin
[RASPI_DEBUG] LocalMapping: SearchInNeighbors end
[RASPI_DEBUG] LocalMapping: optimization block begin
[RASPI_DEBUG] LocalMapping: skipping KeyFrameCulling
[RASPI_DEBUG] LocalMapping: optimization block end
[RASPI_DEBUG] LocalMapping: skipping LoopClosing InsertKeyFrame
[RASPI_DEBUG] TrackReferenceKeyFrame: skipping early PoseOptimization frame=10 kfs=2 matches=49
[RASPI_DEBUG] TrackLocalMap: skipping early PoseOptimization frame=10 kfs=2
[RASPI_DEBUG] TrackWithMotionModel: skipping early PoseOptimization frame=11 kfs=2 matches=57
[RASPI_DEBUG] TrackLocalMap: skipping early PoseOptimization frame=11 kfs=2
[RASPI_DEBUG] TrackWithMotionModel: skipping early PoseOptimization frame=12 kfs=2 matches=56
[RASPI_DEBUG] TrackLocalMap: skipping early PoseOptimization frame=12 kfs=2
[RASPI_DEBUG] TrackWithMotionModel: skipping early PoseOptimization frame=13 kfs=2 matches=62
[RASPI_DEBUG] TrackLocalMap: skipping early PoseOptimization frame=13 kfs=2
[RASPI_DEBUG] TrackWithMotionModel: skipping early PoseOptimization frame=14 kfs=2 matches=78
[RASPI_DEBUG] TrackLocalMap: skipping early PoseOptimization frame=14 kfs=2
[RASPI_DEBUG] TrackWithMotionModel: skipping early PoseOptimization frame=15 kfs=2 matches=77
[RASPI_DEBUG] TrackLocalMap: skipping early PoseOptimization frame=15 kfs=2
[RASPI_DEBUG] TrackWithMotionModel: skipping early PoseOptimization frame=16 kfs=2 matches=68
[RASPI_DEBUG] TrackLocalMap: skipping early PoseOptimization frame=16 kfs=2
[RASPI_DEBUG] TrackWithMotionModel: skipping early PoseOptimization frame=17 kfs=2 matches=49
[RASPI_DEBUG] TrackLocalMap: skipping early PoseOptimization frame=17 kfs=2
[RASPI_DEBUG] LocalMapping: ProcessNewKeyFrame begin
[RASPI_DEBUG] ProcessNewKeyFrame: popped KF id=2 frame=17 ts=0.56658411026000977
[RASPI_DEBUG] ProcessNewKeyFrame: ComputeBoW begin
[RASPI_DEBUG] ProcessNewKeyFrame: ComputeBoW end
[RASPI_DEBUG] ProcessNewKeyFrame: map point matches=1508
[RASPI_DEBUG] ProcessNewKeyFrame: observations end
[RASPI_DEBUG] ProcessNewKeyFrame: UpdateConnections begin
[RASPI_DEBUG] ProcessNewKeyFrame: UpdateConnections end
[RASPI_DEBUG] ProcessNewKeyFrame: AddKeyFrame begin
[RASPI_DEBUG] ProcessNewKeyFrame: AddKeyFrame end
[RASPI_DEBUG] LocalMapping: ProcessNewKeyFrame end
[RASPI_DEBUG] LocalMapping: MapPointCulling begin
[RASPI_DEBUG] LocalMapping: MapPointCulling end
[RASPI_DEBUG] LocalMapping: CreateNewMapPoints begin
[RASPI_DEBUG] LocalMapping: skipping CreateNewMapPoints
[RASPI_DEBUG] LocalMapping: CreateNewMapPoints end
[RASPI_DEBUG] LocalMapping: SearchInNeighbors begin
[RASPI_DEBUG] LocalMapping: SearchInNeighbors end
[RASPI_DEBUG] LocalMapping: optimization block begin
[RASPI_DEBUG] LocalMapping: skipping LocalBundleAdjustment
[RASPI_DEBUG] LocalMapping: skipping KeyFrameCulling
[RASPI_DEBUG] LocalMapping: optimization block end
[RASPI_DEBUG] LocalMapping: skipping LoopClosing InsertKeyFrame
[RASPI_DEBUG] TrackWithMotionModel: skipping early PoseOptimization frame=18 kfs=3 matches=45
[RASPI_DEBUG] TrackLocalMap: skipping early PoseOptimization frame=18 kfs=3
[RASPI_DEBUG] TrackWithMotionModel: skipping early PoseOptimization frame=19 kfs=3 matches=38
[RASPI_DEBUG] TrackLocalMap: skipping early PoseOptimization frame=19 kfs=3
[RASPI_DEBUG] TrackWithMotionModel: skipping early PoseOptimization frame=20 kfs=3 matches=32
[RASPI_DEBUG] TrackLocalMap: skipping early PoseOptimization frame=20 kfs=3
[RASPI_DEBUG] TrackWithMotionModel: skipping early PoseOptimization frame=21 kfs=3 matches=34
[RASPI_DEBUG] TrackLocalMap: skipping early PoseOptimization frame=21 kfs=3
[RASPI_DEBUG] TrackWithMotionModel: skipping early PoseOptimization frame=22 kfs=3 matches=36
[RASPI_DEBUG] TrackLocalMap: skipping early PoseOptimization frame=22 kfs=3
[RASPI_DEBUG] TrackWithMotionModel: skipping early PoseOptimization frame=23 kfs=3 matches=37
[RASPI_DEBUG] TrackLocalMap: skipping early PoseOptimization frame=23 kfs=3
[RASPI_DEBUG] TrackWithMotionModel: skipping early PoseOptimization frame=24 kfs=3 matches=35
[RASPI_DEBUG] TrackLocalMap: skipping early PoseOptimization frame=24 kfs=3
[RASPI_DEBUG] TrackWithMotionModel: skipping early PoseOptimization frame=25 kfs=3 matches=38
[RASPI_DEBUG] TrackLocalMap: skipping early PoseOptimization frame=25 kfs=3
[RASPI_DEBUG] LocalMapping: ProcessNewKeyFrame begin
[RASPI_DEBUG] ProcessNewKeyFrame: popped KF id=3 frame=25 ts=0.83318305015563965
[RASPI_DEBUG] ProcessNewKeyFrame: ComputeBoW begin
[RASPI_DEBUG] ProcessNewKeyFrame: ComputeBoW end
[RASPI_DEBUG] ProcessNewKeyFrame: map point matches=1506
[RASPI_DEBUG] ProcessNewKeyFrame: observations end
[RASPI_DEBUG] ProcessNewKeyFrame: UpdateConnections begin
[RASPI_DEBUG] ProcessNewKeyFrame: UpdateConnections end
[RASPI_DEBUG] ProcessNewKeyFrame: AddKeyFrame begin
[RASPI_DEBUG] ProcessNewKeyFrame: AddKeyFrame end
[RASPI_DEBUG] LocalMapping: ProcessNewKeyFrame end
[RASPI_DEBUG] LocalMapping: MapPointCulling begin
[RASPI_DEBUG] LocalMapping: MapPointCulling end
[RASPI_DEBUG] LocalMapping: CreateNewMapPoints begin
[RASPI_DEBUG] LocalMapping: skipping CreateNewMapPoints
[RASPI_DEBUG] LocalMapping: CreateNewMapPoints end
[RASPI_DEBUG] LocalMapping: SearchInNeighbors begin
[RASPI_DEBUG] LocalMapping: SearchInNeighbors end
[RASPI_DEBUG] LocalMapping: optimization block begin
[RASPI_DEBUG] LocalMapping: skipping LocalBundleAdjustment
[RASPI_DEBUG] LocalMapping: skipping KeyFrameCulling
[RASPI_DEBUG] LocalMapping: optimization block end
[RASPI_DEBUG] LocalMapping: skipping LoopClosing InsertKeyFrame
[RASPI_DEBUG] TrackWithMotionModel: skipping early PoseOptimization frame=26 kfs=4 matches=37
[RASPI_DEBUG] TrackLocalMap: skipping early PoseOptimization frame=26 kfs=4
[RASPI_DEBUG] TrackWithMotionModel: skipping early PoseOptimization frame=27 kfs=4 matches=26
[RASPI_DEBUG] TrackLocalMap: skipping early PoseOptimization frame=27 kfs=4
[RASPI_DEBUG] TrackWithMotionModel: skipping early PoseOptimization frame=28 kfs=4 matches=38
[RASPI_DEBUG] TrackLocalMap: skipping early PoseOptimization frame=28 kfs=4
[RASPI_DEBUG] TrackWithMotionModel: skipping early PoseOptimization frame=29 kfs=4 matches=41
[RASPI_DEBUG] TrackLocalMap: skipping early PoseOptimization frame=29 kfs=4
[RASPI_DEBUG] TrackWithMotionModel: skipping early PoseOptimization frame=30 kfs=4 matches=43
[RASPI_DEBUG] TrackLocalMap: skipping early PoseOptimization frame=30 kfs=4
[RASPI_DEBUG] TrackWithMotionModel: skipping early PoseOptimization frame=31 kfs=4 matches=37
[RASPI_DEBUG] TrackLocalMap: skipping early PoseOptimization frame=31 kfs=4
[RASPI_DEBUG] TrackWithMotionModel: skipping early PoseOptimization frame=32 kfs=4 matches=46
[RASPI_DEBUG] TrackLocalMap: skipping early PoseOptimization frame=32 kfs=4
[RASPI_DEBUG] TrackWithMotionModel: skipping early PoseOptimization frame=33 kfs=4 matches=35
[RASPI_DEBUG] TrackLocalMap: skipping early PoseOptimization frame=33 kfs=4
[RASPI_DEBUG] LocalMapping: ProcessNewKeyFrame begin
[RASPI_DEBUG] ProcessNewKeyFrame: popped KF id=4 frame=33 ts=1.0998640060424805
[RASPI_DEBUG] ProcessNewKeyFrame: ComputeBoW begin
[RASPI_DEBUG] ProcessNewKeyFrame: ComputeBoW end
[RASPI_DEBUG] ProcessNewKeyFrame: map point matches=1505
[RASPI_DEBUG] ProcessNewKeyFrame: observations end
[RASPI_DEBUG] ProcessNewKeyFrame: UpdateConnections begin
[RASPI_DEBUG] ProcessNewKeyFrame: UpdateConnections end
[RASPI_DEBUG] ProcessNewKeyFrame: AddKeyFrame begin
[RASPI_DEBUG] ProcessNewKeyFrame: AddKeyFrame end
[RASPI_DEBUG] LocalMapping: ProcessNewKeyFrame end
[RASPI_DEBUG] LocalMapping: MapPointCulling begin
[RASPI_DEBUG] LocalMapping: MapPointCulling end
[RASPI_DEBUG] LocalMapping: CreateNewMapPoints begin
[RASPI_DEBUG] LocalMapping: skipping CreateNewMapPoints
[RASPI_DEBUG] LocalMapping: CreateNewMapPoints end
[RASPI_DEBUG] LocalMapping: SearchInNeighbors begin
[RASPI_DEBUG] LocalMapping: SearchInNeighbors end
[RASPI_DEBUG] LocalMapping: optimization block begin
[RASPI_DEBUG] LocalMapping: skipping LocalBundleAdjustment
[RASPI_DEBUG] LocalMapping: skipping KeyFrameCulling
[RASPI_DEBUG] LocalMapping: optimization block end
[RASPI_DEBUG] LocalMapping: skipping LoopClosing InsertKeyFrame
[RASPI_DEBUG] TrackWithMotionModel: skipping early PoseOptimization frame=34 kfs=5 matches=40
[RASPI_DEBUG] TrackLocalMap: skipping early PoseOptimization frame=34 kfs=5
[RASPI_DEBUG] TrackWithMotionModel: skipping early PoseOptimization frame=35 kfs=5 matches=35
[RASPI_DEBUG] TrackLocalMap: skipping early PoseOptimization frame=35 kfs=5
[RASPI_DEBUG] TrackWithMotionModel: skipping early PoseOptimization frame=36 kfs=5 matches=40
[RASPI_DEBUG] TrackLocalMap: skipping early PoseOptimization frame=36 kfs=5
[RASPI_DEBUG] TrackWithMotionModel: skipping early PoseOptimization frame=37 kfs=5 matches=39
[RASPI_DEBUG] TrackLocalMap: skipping early PoseOptimization frame=37 kfs=5
[RASPI_DEBUG] TrackWithMotionModel: skipping early PoseOptimization frame=38 kfs=5 matches=35
[RASPI_DEBUG] TrackLocalMap: skipping early PoseOptimization frame=38 kfs=5
[RASPI_DEBUG] TrackWithMotionModel: skipping early PoseOptimization frame=39 kfs=5 matches=33
[RASPI_DEBUG] TrackLocalMap: skipping early PoseOptimization frame=39 kfs=5
[RASPI_DEBUG] TrackWithMotionModel: skipping early PoseOptimization frame=40 kfs=5 matches=42
[RASPI_DEBUG] TrackLocalMap: skipping early PoseOptimization frame=40 kfs=5
[RASPI_DEBUG] TrackWithMotionModel: skipping early PoseOptimization frame=41 kfs=5 matches=43
[RASPI_DEBUG] TrackLocalMap: skipping early PoseOptimization frame=41 kfs=5
[RASPI_DEBUG] LocalMapping: ProcessNewKeyFrame begin
[RASPI_DEBUG] ProcessNewKeyFrame: popped KF id=5 frame=41 ts=1.3664228916168213
[RASPI_DEBUG] ProcessNewKeyFrame: ComputeBoW begin
[RASPI_DEBUG] ProcessNewKeyFrame: ComputeBoW end
[RASPI_DEBUG] ProcessNewKeyFrame: map point matches=1500
[RASPI_DEBUG] ProcessNewKeyFrame: observations end
[RASPI_DEBUG] ProcessNewKeyFrame: UpdateConnections begin
[RASPI_DEBUG] ProcessNewKeyFrame: UpdateConnections end
[RASPI_DEBUG] ProcessNewKeyFrame: AddKeyFrame begin
[RASPI_DEBUG] ProcessNewKeyFrame: AddKeyFrame end
[RASPI_DEBUG] LocalMapping: ProcessNewKeyFrame end
[RASPI_DEBUG] LocalMapping: MapPointCulling begin
[RASPI_DEBUG] LocalMapping: MapPointCulling end
[RASPI_DEBUG] LocalMapping: CreateNewMapPoints begin
[RASPI_DEBUG] LocalMapping: skipping CreateNewMapPoints
[RASPI_DEBUG] LocalMapping: CreateNewMapPoints end
[RASPI_DEBUG] LocalMapping: SearchInNeighbors begin
[RASPI_DEBUG] LocalMapping: SearchInNeighbors end
[RASPI_DEBUG] LocalMapping: optimization block begin
[RASPI_DEBUG] LocalMapping: skipping LocalBundleAdjustment
[RASPI_DEBUG] LocalMapping: skipping KeyFrameCulling
[RASPI_DEBUG] LocalMapping: optimization block end
[RASPI_DEBUG] LocalMapping: skipping LoopClosing InsertKeyFrame
[RASPI_DEBUG] TrackWithMotionModel: skipping early PoseOptimization frame=42 kfs=6 matches=45
[RASPI_DEBUG] TrackLocalMap: skipping early PoseOptimization frame=42 kfs=6
[RASPI_DEBUG] TrackWithMotionModel: skipping early PoseOptimization frame=43 kfs=6 matches=43
[RASPI_DEBUG] TrackLocalMap: skipping early PoseOptimization frame=43 kfs=6
[RASPI_DEBUG] TrackWithMotionModel: skipping early PoseOptimization frame=44 kfs=6 matches=42
[RASPI_DEBUG] TrackLocalMap: skipping early PoseOptimization frame=44 kfs=6
[RASPI_DEBUG] TrackWithMotionModel: skipping early PoseOptimization frame=45 kfs=6 matches=51
[RASPI_DEBUG] TrackLocalMap: skipping early PoseOptimization frame=45 kfs=6
[RASPI_DEBUG] TrackWithMotionModel: skipping early PoseOptimization frame=46 kfs=6 matches=50
[RASPI_DEBUG] TrackLocalMap: skipping early PoseOptimization frame=46 kfs=6
[RASPI_DEBUG] TrackWithMotionModel: skipping early PoseOptimization frame=47 kfs=6 matches=48
[RASPI_DEBUG] TrackLocalMap: skipping early PoseOptimization frame=47 kfs=6
[RASPI_DEBUG] TrackWithMotionModel: skipping early PoseOptimization frame=48 kfs=6 matches=38
[RASPI_DEBUG] TrackLocalMap: skipping early PoseOptimization frame=48 kfs=6
[RASPI_DEBUG] TrackWithMotionModel: skipping early PoseOptimization frame=49 kfs=6 matches=48
[RASPI_DEBUG] TrackLocalMap: skipping early PoseOptimization frame=49 kfs=6
[RASPI_DEBUG] LocalMapping: ProcessNewKeyFrame begin
[RASPI_DEBUG] ProcessNewKeyFrame: popped KF id=6 frame=49 ts=1.6330380439758301
[RASPI_DEBUG] ProcessNewKeyFrame: ComputeBoW begin
[RASPI_DEBUG] ProcessNewKeyFrame: ComputeBoW end
[RASPI_DEBUG] ProcessNewKeyFrame: map point matches=1504
[RASPI_DEBUG] ProcessNewKeyFrame: observations end
[RASPI_DEBUG] ProcessNewKeyFrame: UpdateConnections begin
[RASPI_DEBUG] ProcessNewKeyFrame: UpdateConnections end
[RASPI_DEBUG] ProcessNewKeyFrame: AddKeyFrame begin
[RASPI_DEBUG] ProcessNewKeyFrame: AddKeyFrame end
[RASPI_DEBUG] LocalMapping: ProcessNewKeyFrame end
[RASPI_DEBUG] LocalMapping: MapPointCulling begin
[RASPI_DEBUG] LocalMapping: MapPointCulling end
[RASPI_DEBUG] LocalMapping: CreateNewMapPoints begin
[RASPI_DEBUG] LocalMapping: skipping CreateNewMapPoints
[RASPI_DEBUG] LocalMapping: CreateNewMapPoints end
[RASPI_DEBUG] LocalMapping: SearchInNeighbors begin
[RASPI_DEBUG] LocalMapping: SearchInNeighbors end
[RASPI_DEBUG] LocalMapping: optimization block begin
[RASPI_DEBUG] LocalMapping: skipping LocalBundleAdjustment
[RASPI_DEBUG] LocalMapping: skipping KeyFrameCulling
[RASPI_DEBUG] LocalMapping: optimization block end
[RASPI_DEBUG] LocalMapping: skipping LoopClosing InsertKeyFrame
[RASPI_DEBUG] TrackWithMotionModel: skipping early PoseOptimization frame=50 kfs=7 matches=47
[RASPI_DEBUG] TrackLocalMap: skipping early PoseOptimization frame=50 kfs=7
[RASPI_DEBUG] TrackWithMotionModel: skipping early PoseOptimization frame=51 kfs=7 matches=47
[RASPI_DEBUG] TrackLocalMap: skipping early PoseOptimization frame=51 kfs=7
[RASPI_DEBUG] TrackWithMotionModel: skipping early PoseOptimization frame=52 kfs=7 matches=43
[RASPI_DEBUG] TrackLocalMap: skipping early PoseOptimization frame=52 kfs=7
[RASPI_DEBUG] TrackWithMotionModel: skipping early PoseOptimization frame=53 kfs=7 matches=38
[RASPI_DEBUG] TrackLocalMap: skipping early PoseOptimization frame=53 kfs=7
[RASPI_DEBUG] TrackWithMotionModel: skipping early PoseOptimization frame=54 kfs=7 matches=37
[RASPI_DEBUG] TrackLocalMap: skipping early PoseOptimization frame=54 kfs=7
[RASPI_DEBUG] TrackWithMotionModel: skipping early PoseOptimization frame=55 kfs=7 matches=36
[RASPI_DEBUG] TrackLocalMap: skipping early PoseOptimization frame=55 kfs=7
[RASPI_DEBUG] TrackWithMotionModel: skipping early PoseOptimization frame=56 kfs=7 matches=37
[RASPI_DEBUG] TrackLocalMap: skipping early PoseOptimization frame=56 kfs=7
[RASPI_DEBUG] TrackWithMotionModel: skipping early PoseOptimization frame=57 kfs=7 matches=42
[RASPI_DEBUG] TrackLocalMap: skipping early PoseOptimization frame=57 kfs=7
[RASPI_DEBUG] LocalMapping: ProcessNewKeyFrame begin
[RASPI_DEBUG] ProcessNewKeyFrame: popped KF id=7 frame=57 ts=1.8996689319610596
[RASPI_DEBUG] ProcessNewKeyFrame: ComputeBoW begin
[RASPI_DEBUG] ProcessNewKeyFrame: ComputeBoW end
[RASPI_DEBUG] ProcessNewKeyFrame: map point matches=1505
[RASPI_DEBUG] ProcessNewKeyFrame: observations end
[RASPI_DEBUG] ProcessNewKeyFrame: UpdateConnections begin
[RASPI_DEBUG] ProcessNewKeyFrame: UpdateConnections end
[RASPI_DEBUG] ProcessNewKeyFrame: AddKeyFrame begin
[RASPI_DEBUG] ProcessNewKeyFrame: AddKeyFrame end
[RASPI_DEBUG] LocalMapping: ProcessNewKeyFrame end
[RASPI_DEBUG] LocalMapping: MapPointCulling begin
[RASPI_DEBUG] LocalMapping: MapPointCulling end
[RASPI_DEBUG] LocalMapping: CreateNewMapPoints begin
[RASPI_DEBUG] LocalMapping: skipping CreateNewMapPoints
[RASPI_DEBUG] LocalMapping: CreateNewMapPoints end
[RASPI_DEBUG] LocalMapping: SearchInNeighbors begin
[RASPI_DEBUG] LocalMapping: SearchInNeighbors end
[RASPI_DEBUG] LocalMapping: optimization block begin
[RASPI_DEBUG] LocalMapping: skipping LocalBundleAdjustment
[RASPI_DEBUG] LocalMapping: skipping KeyFrameCulling
[RASPI_DEBUG] LocalMapping: optimization block end
[RASPI_DEBUG] LocalMapping: skipping LoopClosing InsertKeyFrame
[RASPI_DEBUG] TrackWithMotionModel: skipping early PoseOptimization frame=58 kfs=8 matches=40
[RASPI_DEBUG] TrackLocalMap: skipping early PoseOptimization frame=58 kfs=8
[RASPI_DEBUG] TrackWithMotionModel: skipping early PoseOptimization frame=59 kfs=8 matches=41
[RASPI_DEBUG] TrackLocalMap: skipping early PoseOptimization frame=59 kfs=8
[RASPI_DEBUG] TrackWithMotionModel: skipping early PoseOptimization frame=60 kfs=8 matches=40
[RASPI_DEBUG] TrackLocalMap: skipping early PoseOptimization frame=60 kfs=8
[RASPI_DEBUG] TrackWithMotionModel: skipping early PoseOptimization frame=61 kfs=8 matches=39
[RASPI_DEBUG] TrackLocalMap: skipping early PoseOptimization frame=61 kfs=8
[RASPI_DEBUG] TrackWithMotionModel: skipping early PoseOptimization frame=62 kfs=8 matches=37
[RASPI_DEBUG] TrackLocalMap: skipping early PoseOptimization frame=62 kfs=8
[RASPI_DEBUG] TrackWithMotionModel: skipping early PoseOptimization frame=63 kfs=8 matches=38
[RASPI_DEBUG] TrackLocalMap: skipping early PoseOptimization frame=63 kfs=8
[RASPI_DEBUG] TrackWithMotionModel: skipping early PoseOptimization frame=64 kfs=8 matches=42
[RASPI_DEBUG] TrackLocalMap: skipping early PoseOptimization frame=64 kfs=8
[RASPI_DEBUG] TrackWithMotionModel: skipping early PoseOptimization frame=65 kfs=8 matches=49
[RASPI_DEBUG] TrackLocalMap: skipping early PoseOptimization frame=65 kfs=8
[RASPI_DEBUG] LocalMapping: ProcessNewKeyFrame begin
[RASPI_DEBUG] ProcessNewKeyFrame: popped KF id=8 frame=65 ts=2.1662890911102295
[RASPI_DEBUG] ProcessNewKeyFrame: ComputeBoW begin
[RASPI_DEBUG] ProcessNewKeyFrame: ComputeBoW end
[RASPI_DEBUG] ProcessNewKeyFrame: map point matches=1507
[RASPI_DEBUG] ProcessNewKeyFrame: observations end
[RASPI_DEBUG] ProcessNewKeyFrame: UpdateConnections begin
[RASPI_DEBUG] ProcessNewKeyFrame: UpdateConnections end
[RASPI_DEBUG] ProcessNewKeyFrame: AddKeyFrame begin
[RASPI_DEBUG] ProcessNewKeyFrame: AddKeyFrame end
[RASPI_DEBUG] LocalMapping: ProcessNewKeyFrame end
[RASPI_DEBUG] LocalMapping: MapPointCulling begin
[RASPI_DEBUG] LocalMapping: MapPointCulling end
[RASPI_DEBUG] LocalMapping: CreateNewMapPoints begin
[RASPI_DEBUG] LocalMapping: skipping CreateNewMapPoints
[RASPI_DEBUG] LocalMapping: CreateNewMapPoints end
[RASPI_DEBUG] LocalMapping: SearchInNeighbors begin
[RASPI_DEBUG] LocalMapping: SearchInNeighbors end
[RASPI_DEBUG] LocalMapping: optimization block begin
[RASPI_DEBUG] LocalMapping: skipping LocalBundleAdjustment
[RASPI_DEBUG] LocalMapping: skipping KeyFrameCulling
[RASPI_DEBUG] LocalMapping: optimization block end
[RASPI_DEBUG] LocalMapping: skipping LoopClosing InsertKeyFrame
[RASPI_DEBUG] TrackWithMotionModel: skipping early PoseOptimization frame=66 kfs=9 matches=37
[RASPI_DEBUG] TrackLocalMap: skipping early PoseOptimization frame=66 kfs=9
[RASPI_DEBUG] TrackWithMotionModel: skipping early PoseOptimization frame=67 kfs=9 matches=38
[RASPI_DEBUG] TrackLocalMap: skipping early PoseOptimization frame=67 kfs=9
[RASPI_DEBUG] TrackWithMotionModel: skipping early PoseOptimization frame=68 kfs=9 matches=39
[RASPI_DEBUG] TrackLocalMap: skipping early PoseOptimization frame=68 kfs=9
[RASPI_DEBUG] TrackWithMotionModel: skipping early PoseOptimization frame=69 kfs=9 matches=41
[RASPI_DEBUG] TrackLocalMap: skipping early PoseOptimization frame=69 kfs=9
[RASPI_DEBUG] TrackWithMotionModel: skipping early PoseOptimization frame=70 kfs=9 matches=42
[RASPI_DEBUG] TrackLocalMap: skipping early PoseOptimization frame=70 kfs=9
[RASPI_DEBUG] TrackWithMotionModel: skipping early PoseOptimization frame=71 kfs=9 matches=42
[RASPI_DEBUG] TrackLocalMap: skipping early PoseOptimization frame=71 kfs=9
[RASPI_DEBUG] TrackWithMotionModel: skipping early PoseOptimization frame=72 kfs=9 matches=44
[RASPI_DEBUG] TrackLocalMap: skipping early PoseOptimization frame=72 kfs=9
[RASPI_DEBUG] TrackWithMotionModel: skipping early PoseOptimization frame=73 kfs=9 matches=37
[RASPI_DEBUG] TrackLocalMap: skipping early PoseOptimization frame=73 kfs=9
[RASPI_DEBUG] LocalMapping: ProcessNewKeyFrame begin
[RASPI_DEBUG] ProcessNewKeyFrame: popped KF id=9 frame=73 ts=2.4328949451446533
[RASPI_DEBUG] ProcessNewKeyFrame: ComputeBoW begin
[RASPI_DEBUG] ProcessNewKeyFrame: ComputeBoW end
[RASPI_DEBUG] ProcessNewKeyFrame: map point matches=1503
[RASPI_DEBUG] ProcessNewKeyFrame: observations end
[RASPI_DEBUG] ProcessNewKeyFrame: UpdateConnections begin
[RASPI_DEBUG] ProcessNewKeyFrame: UpdateConnections end
[RASPI_DEBUG] ProcessNewKeyFrame: AddKeyFrame begin
[RASPI_DEBUG] ProcessNewKeyFrame: AddKeyFrame end
[RASPI_DEBUG] LocalMapping: ProcessNewKeyFrame end
[RASPI_DEBUG] LocalMapping: MapPointCulling begin
[RASPI_DEBUG] LocalMapping: MapPointCulling end
[RASPI_DEBUG] LocalMapping: CreateNewMapPoints begin
[RASPI_DEBUG] LocalMapping: skipping CreateNewMapPoints
[RASPI_DEBUG] LocalMapping: CreateNewMapPoints end
[RASPI_DEBUG] LocalMapping: SearchInNeighbors begin
[RASPI_DEBUG] LocalMapping: SearchInNeighbors end
[RASPI_DEBUG] LocalMapping: optimization block begin
[RASPI_DEBUG] LocalMapping: skipping LocalBundleAdjustment
