Camera.newHeight optional parameter does not exist...
Camera.newWidth optional parameter does not exist...
IMU.InsertKFsWhenLost optional parameter does not exist...
System.LoadAtlasFromFile optional parameter does not exist...
System.SaveAtlasToFile optional parameter does not exist...
double free or corruption (out)

[RASPI_CRASH] Caught signal 6
./Examples/Monocular-Inertial/raspi_mono_inertial_slam(_Z21PrintBacktraceAndExiti+0x3d)[0x645d629ca81d]
/lib/x86_64-linux-gnu/libc.so.6(+0x42520)[0x7143b4c46520]
/lib/x86_64-linux-gnu/libc.so.6(pthread_kill+0x12c)[0x7143b4c9a9fc]
/lib/x86_64-linux-gnu/libc.so.6(raise+0x16)[0x7143b4c46476]
/lib/x86_64-linux-gnu/libc.so.6(abort+0xd3)[0x7143b4c2c7f3]
/lib/x86_64-linux-gnu/libc.so.6(+0x89676)[0x7143b4c8d676]
/lib/x86_64-linux-gnu/libc.so.6(+0xa0cfc)[0x7143b4ca4cfc]
/lib/x86_64-linux-gnu/libc.so.6(+0xa2e70)[0x7143b4ca6e70]
/lib/x86_64-linux-gnu/libc.so.6(free+0x73)[0x7143b4ca9453]
/home/zzzjt/projects/orbslam3_ws/ORB_SLAM3/Thirdparty/g2o/lib/libg2o.so(_ZN3g2o16OptimizableGraphD1Ev+0x39)[0x7143b4bc97b9]
/home/zzzjt/projects/orbslam3_ws/ORB_SLAM3/lib/libORB_SLAM3.so(_ZN9ORB_SLAM39Optimizer20InertialOptimizationEPNS_3MapERN5Eigen6MatrixIdLi3ELi3ELi0ELi3ELi3EEERdRNS4_IdLi3ELi1ELi0ELi3ELi1EEES9_bRNS4_IdLin1ELin1ELi0ELin1ELin1EEEbbff+0x17f4)[0x7143b5c3d4a4]
/home/zzzjt/projects/orbslam3_ws/ORB_SLAM3/lib/libORB_SLAM3.so(_ZN9ORB_SLAM312LocalMapping13InitializeIMUEffb+0x8f0)[0x7143b5bbbb50]
/home/zzzjt/projects/orbslam3_ws/ORB_SLAM3/lib/libORB_SLAM3.so(_ZN9ORB_SLAM312LocalMapping3RunEv+0xb90)[0x7143b5bbdac0]
/lib/x86_64-linux-gnu/libstdc++.so.6(+0xdc253)[0x7143b4f29253]
/lib/x86_64-linux-gnu/libc.so.6(+0x94ac3)[0x7143b4c98ac3]
/lib/x86_64-linux-gnu/libc.so.6(clone+0x44)[0x7143b4d29a04]
